ERROR - 2026-02-23 20:50:33 --> Error connecting to the database: mysqli_sql_exception: Unknown database 'firearms' in C:\xampp\htdocs\projek\firearms\system\Database\MySQLi\Connection.php:201
Stack trace:
#0 C:\xampp\htdocs\projek\firearms\system\Database\MySQLi\Connection.php(201): mysqli->real_connect('localhost', 'root', Object(SensitiveParameterValue), 'firearms', 3306, '', 0)
#1 C:\xampp\htdocs\projek\firearms\system\Database\BaseConnection.php(419): CodeIgniter\Database\MySQLi\Connection->connect(false)
#2 C:\xampp\htdocs\projek\firearms\system\Database\BaseConnection.php(654): CodeIgniter\Database\BaseConnection->initialize()
#3 C:\xampp\htdocs\projek\firearms\system\Database\BaseConnection.php(1565): CodeIgniter\Database\BaseConnection->query('SHOW TABLES FRO...')
#4 C:\xampp\htdocs\projek\firearms\system\Database\BaseConnection.php(1585): CodeIgniter\Database\BaseConnection->listTables()
#5 C:\xampp\htdocs\projek\firearms\system\Database\MigrationRunner.php(821): CodeIgniter\Database\BaseConnection->tableExists('migrations')
#6 C:\xampp\htdocs\projek\firearms\system\Database\MigrationRunner.php(173): CodeIgniter\Database\MigrationRunner->ensureTable()
#7 C:\xampp\htdocs\projek\firearms\system\Commands\Database\Migrate.php(89): CodeIgniter\Database\MigrationRunner->latest(NULL)
#8 C:\xampp\htdocs\projek\firearms\system\CLI\SignalTrait.php(245): CodeIgniter\Commands\Database\Migrate::CodeIgniter\Commands\Database\{closure}()
#9 C:\xampp\htdocs\projek\firearms\system\Commands\Database\Migrate.php(88): CodeIgniter\Commands\Database\Migrate->withSignalsBlocked(Object(Closure))
#10 C:\xampp\htdocs\projek\firearms\system\CLI\Commands.php(74): CodeIgniter\Commands\Database\Migrate->run(Array)
#11 C:\xampp\htdocs\projek\firearms\system\CLI\Console.php(47): CodeIgniter\CLI\Commands->run('migrate', Array)
#12 C:\xampp\htdocs\projek\firearms\system\Boot.php(442): CodeIgniter\CLI\Console->run()
#13 C:\xampp\htdocs\projek\firearms\system\Boot.php(166): CodeIgniter\Boot::runCommand(Object(CodeIgniter\CLI\Console))
#14 C:\xampp\htdocs\projek\firearms\spark(87): CodeIgniter\Boot::bootSpark(Object(Config\Paths))
#15 {main}

Next CodeIgniter\Database\Exceptions\DatabaseException: Unknown database 'firearms' in C:\xampp\htdocs\projek\firearms\system\Database\MySQLi\Connection.php:231
Stack trace:
#0 C:\xampp\htdocs\projek\firearms\system\Database\BaseConnection.php(419): CodeIgniter\Database\MySQLi\Connection->connect(false)
#1 C:\xampp\htdocs\projek\firearms\system\Database\BaseConnection.php(654): CodeIgniter\Database\BaseConnection->initialize()
#2 C:\xampp\htdocs\projek\firearms\system\Database\BaseConnection.php(1565): CodeIgniter\Database\BaseConnection->query('SHOW TABLES FRO...')
#3 C:\xampp\htdocs\projek\firearms\system\Database\BaseConnection.php(1585): CodeIgniter\Database\BaseConnection->listTables()
#4 C:\xampp\htdocs\projek\firearms\system\Database\MigrationRunner.php(821): CodeIgniter\Database\BaseConnection->tableExists('migrations')
#5 C:\xampp\htdocs\projek\firearms\system\Database\MigrationRunner.php(173): CodeIgniter\Database\MigrationRunner->ensureTable()
#6 C:\xampp\htdocs\projek\firearms\system\Commands\Database\Migrate.php(89): CodeIgniter\Database\MigrationRunner->latest(NULL)
#7 C:\xampp\htdocs\projek\firearms\system\CLI\SignalTrait.php(245): CodeIgniter\Commands\Database\Migrate::CodeIgniter\Commands\Database\{closure}()
#8 C:\xampp\htdocs\projek\firearms\system\Commands\Database\Migrate.php(88): CodeIgniter\Commands\Database\Migrate->withSignalsBlocked(Object(Closure))
#9 C:\xampp\htdocs\projek\firearms\system\CLI\Commands.php(74): CodeIgniter\Commands\Database\Migrate->run(Array)
#10 C:\xampp\htdocs\projek\firearms\system\CLI\Console.php(47): CodeIgniter\CLI\Commands->run('migrate', Array)
#11 C:\xampp\htdocs\projek\firearms\system\Boot.php(442): CodeIgniter\CLI\Console->run()
#12 C:\xampp\htdocs\projek\firearms\system\Boot.php(166): CodeIgniter\Boot::runCommand(Object(CodeIgniter\CLI\Console))
#13 C:\xampp\htdocs\projek\firearms\spark(87): CodeIgniter\Boot::bootSpark(Object(Config\Paths))
#14 {main}
ERROR - 2026-02-23 20:58:38 --> Error connecting to the database: mysqli_sql_exception: Unknown database 'firearms' in C:\xampp\htdocs\projek\firearms\system\Database\MySQLi\Connection.php:201
Stack trace:
#0 C:\xampp\htdocs\projek\firearms\system\Database\MySQLi\Connection.php(201): mysqli->real_connect('localhost', 'root', Object(SensitiveParameterValue), 'firearms', 3306, '', 0)
#1 C:\xampp\htdocs\projek\firearms\system\Database\BaseConnection.php(419): CodeIgniter\Database\MySQLi\Connection->connect(false)
#2 C:\xampp\htdocs\projek\firearms\system\Database\BaseConnection.php(654): CodeIgniter\Database\BaseConnection->initialize()
#3 C:\xampp\htdocs\projek\firearms\system\Database\BaseConnection.php(1565): CodeIgniter\Database\BaseConnection->query('SHOW TABLES FRO...')
#4 C:\xampp\htdocs\projek\firearms\system\Database\BaseConnection.php(1585): CodeIgniter\Database\BaseConnection->listTables()
#5 C:\xampp\htdocs\projek\firearms\system\Database\MigrationRunner.php(821): CodeIgniter\Database\BaseConnection->tableExists('migrations')
#6 C:\xampp\htdocs\projek\firearms\system\Database\MigrationRunner.php(173): CodeIgniter\Database\MigrationRunner->ensureTable()
#7 C:\xampp\htdocs\projek\firearms\system\Commands\Database\Migrate.php(89): CodeIgniter\Database\MigrationRunner->latest(NULL)
#8 C:\xampp\htdocs\projek\firearms\system\CLI\SignalTrait.php(245): CodeIgniter\Commands\Database\Migrate::CodeIgniter\Commands\Database\{closure}()
#9 C:\xampp\htdocs\projek\firearms\system\Commands\Database\Migrate.php(88): CodeIgniter\Commands\Database\Migrate->withSignalsBlocked(Object(Closure))
#10 C:\xampp\htdocs\projek\firearms\system\CLI\Commands.php(74): CodeIgniter\Commands\Database\Migrate->run(Array)
#11 C:\xampp\htdocs\projek\firearms\system\CLI\Console.php(47): CodeIgniter\CLI\Commands->run('migrate', Array)
#12 C:\xampp\htdocs\projek\firearms\system\Boot.php(442): CodeIgniter\CLI\Console->run()
#13 C:\xampp\htdocs\projek\firearms\system\Boot.php(166): CodeIgniter\Boot::runCommand(Object(CodeIgniter\CLI\Console))
#14 C:\xampp\htdocs\projek\firearms\spark(87): CodeIgniter\Boot::bootSpark(Object(Config\Paths))
#15 {main}

Next CodeIgniter\Database\Exceptions\DatabaseException: Unknown database 'firearms' in C:\xampp\htdocs\projek\firearms\system\Database\MySQLi\Connection.php:231
Stack trace:
#0 C:\xampp\htdocs\projek\firearms\system\Database\BaseConnection.php(419): CodeIgniter\Database\MySQLi\Connection->connect(false)
#1 C:\xampp\htdocs\projek\firearms\system\Database\BaseConnection.php(654): CodeIgniter\Database\BaseConnection->initialize()
#2 C:\xampp\htdocs\projek\firearms\system\Database\BaseConnection.php(1565): CodeIgniter\Database\BaseConnection->query('SHOW TABLES FRO...')
#3 C:\xampp\htdocs\projek\firearms\system\Database\BaseConnection.php(1585): CodeIgniter\Database\BaseConnection->listTables()
#4 C:\xampp\htdocs\projek\firearms\system\Database\MigrationRunner.php(821): CodeIgniter\Database\BaseConnection->tableExists('migrations')
#5 C:\xampp\htdocs\projek\firearms\system\Database\MigrationRunner.php(173): CodeIgniter\Database\MigrationRunner->ensureTable()
#6 C:\xampp\htdocs\projek\firearms\system\Commands\Database\Migrate.php(89): CodeIgniter\Database\MigrationRunner->latest(NULL)
#7 C:\xampp\htdocs\projek\firearms\system\CLI\SignalTrait.php(245): CodeIgniter\Commands\Database\Migrate::CodeIgniter\Commands\Database\{closure}()
#8 C:\xampp\htdocs\projek\firearms\system\Commands\Database\Migrate.php(88): CodeIgniter\Commands\Database\Migrate->withSignalsBlocked(Object(Closure))
#9 C:\xampp\htdocs\projek\firearms\system\CLI\Commands.php(74): CodeIgniter\Commands\Database\Migrate->run(Array)
#10 C:\xampp\htdocs\projek\firearms\system\CLI\Console.php(47): CodeIgniter\CLI\Commands->run('migrate', Array)
#11 C:\xampp\htdocs\projek\firearms\system\Boot.php(442): CodeIgniter\CLI\Console->run()
#12 C:\xampp\htdocs\projek\firearms\system\Boot.php(166): CodeIgniter\Boot::runCommand(Object(CodeIgniter\CLI\Console))
#13 C:\xampp\htdocs\projek\firearms\spark(87): CodeIgniter\Boot::bootSpark(Object(Config\Paths))
#14 {main}
ERROR - 2026-02-23 21:08:26 --> Invalid default value for 'created_at'
in SYSTEMPATH\Database\MySQLi\Connection.php on line 300.
 1 SYSTEMPATH\Database\MySQLi\Connection.php(300): mysqli->query('CREATE TABLE `category` (
	`id` INT(11) NOT NULL AUTO_INCREMENT,
	`name` varchar(100) NOT NULL,
	`created_at` timestamp NOT NULL DEFAULT \'current_timestamp()\',
	`sort_order` INT(11) NOT NULL DEFAULT 0,
	CONSTRAINT `pk_category` PRIMARY KEY(`id`)
) DEFAULT CHARACTER SET = utf8mb4 COLLATE = utf8mb4_general_ci', 0)
 2 SYSTEMPATH\Database\BaseConnection.php(769): CodeIgniter\Database\MySQLi\Connection->execute('CREATE TABLE `category` (
	`id` INT(11) NOT NULL AUTO_INCREMENT,
	`name` varchar(100) NOT NULL,
	`created_at` timestamp NOT NULL DEFAULT \'current_timestamp()\',
	`sort_order` INT(11) NOT NULL DEFAULT 0,
	CONSTRAINT `pk_category` PRIMARY KEY(`id`)
) DEFAULT CHARACTER SET = utf8mb4 COLLATE = utf8mb4_general_ci')
 3 SYSTEMPATH\Database\BaseConnection.php(686): CodeIgniter\Database\BaseConnection->simpleQuery('CREATE TABLE `category` (
	`id` INT(11) NOT NULL AUTO_INCREMENT,
	`name` varchar(100) NOT NULL,
	`created_at` timestamp NOT NULL DEFAULT \'current_timestamp()\',
	`sort_order` INT(11) NOT NULL DEFAULT 0,
	CONSTRAINT `pk_category` PRIMARY KEY(`id`)
) DEFAULT CHARACTER SET = utf8mb4 COLLATE = utf8mb4_general_ci')
 4 SYSTEMPATH\Database\Forge.php(570): CodeIgniter\Database\BaseConnection->query('CREATE TABLE `category` (
	`id` INT(11) NOT NULL AUTO_INCREMENT,
	`name` varchar(100) NOT NULL,
	`created_at` timestamp NOT NULL DEFAULT \'current_timestamp()\',
	`sort_order` INT(11) NOT NULL DEFAULT 0,
	CONSTRAINT `pk_category` PRIMARY KEY(`id`)
) DEFAULT CHARACTER SET = utf8mb4 COLLATE = utf8mb4_general_ci')
 5 APPPATH\Database\Migrations\2026-02-23-132817_Category.php(34): CodeIgniter\Database\Forge->createTable('category')
 6 SYSTEMPATH\Database\MigrationRunner.php(1014): App\Database\Migrations\Category->up()
 7 SYSTEMPATH\Database\MigrationRunner.php(202): CodeIgniter\Database\MigrationRunner->migrate('up', Object(stdClass))
 8 SYSTEMPATH\Commands\Database\Migrate.php(89): CodeIgniter\Database\MigrationRunner->latest(null)
 9 SYSTEMPATH\CLI\SignalTrait.php(245): CodeIgniter\Commands\Database\Migrate::CodeIgniter\Commands\Database\{closure}()
10 SYSTEMPATH\Commands\Database\Migrate.php(88): CodeIgniter\Commands\Database\Migrate->withSignalsBlocked(Object(Closure))
11 SYSTEMPATH\CLI\Commands.php(74): CodeIgniter\Commands\Database\Migrate->run([...])
12 SYSTEMPATH\CLI\BaseCommand.php(119): CodeIgniter\CLI\Commands->run('migrate', [...])
13 SYSTEMPATH\Commands\Database\MigrateRefresh.php(91): CodeIgniter\CLI\BaseCommand->call('migrate', [...])
14 SYSTEMPATH\CLI\SignalTrait.php(245): CodeIgniter\Commands\Database\MigrateRefresh->CodeIgniter\Commands\Database\{closure}()
15 SYSTEMPATH\Commands\Database\MigrateRefresh.php(89): CodeIgniter\Commands\Database\MigrateRefresh->withSignalsBlocked(Object(Closure))
16 SYSTEMPATH\CLI\Commands.php(74): CodeIgniter\Commands\Database\MigrateRefresh->run([...])
17 SYSTEMPATH\CLI\Console.php(47): CodeIgniter\CLI\Commands->run('migrate:refresh', [])
18 SYSTEMPATH\Boot.php(442): CodeIgniter\CLI\Console->run()
19 SYSTEMPATH\Boot.php(166): CodeIgniter\Boot::runCommand(Object(CodeIgniter\CLI\Console))
20 ROOTPATH\spark(87): CodeIgniter\Boot::bootSpark(Object(Config\Paths))
ERROR - 2026-02-23 21:09:08 --> Invalid default value for 'created_at'
in SYSTEMPATH\Database\MySQLi\Connection.php on line 300.
 1 SYSTEMPATH\Database\MySQLi\Connection.php(300): mysqli->query('CREATE TABLE `category` (
	`id` INT(11) NOT NULL AUTO_INCREMENT,
	`name` varchar(100) NOT NULL,
	`created_at` timestamp NOT NULL DEFAULT \'current_timestamp()\',
	`sort_order` INT(11) NOT NULL DEFAULT 0,
	CONSTRAINT `pk_category` PRIMARY KEY(`id`)
) DEFAULT CHARACTER SET = utf8mb4 COLLATE = utf8mb4_general_ci', 0)
 2 SYSTEMPATH\Database\BaseConnection.php(769): CodeIgniter\Database\MySQLi\Connection->execute('CREATE TABLE `category` (
	`id` INT(11) NOT NULL AUTO_INCREMENT,
	`name` varchar(100) NOT NULL,
	`created_at` timestamp NOT NULL DEFAULT \'current_timestamp()\',
	`sort_order` INT(11) NOT NULL DEFAULT 0,
	CONSTRAINT `pk_category` PRIMARY KEY(`id`)
) DEFAULT CHARACTER SET = utf8mb4 COLLATE = utf8mb4_general_ci')
 3 SYSTEMPATH\Database\BaseConnection.php(686): CodeIgniter\Database\BaseConnection->simpleQuery('CREATE TABLE `category` (
	`id` INT(11) NOT NULL AUTO_INCREMENT,
	`name` varchar(100) NOT NULL,
	`created_at` timestamp NOT NULL DEFAULT \'current_timestamp()\',
	`sort_order` INT(11) NOT NULL DEFAULT 0,
	CONSTRAINT `pk_category` PRIMARY KEY(`id`)
) DEFAULT CHARACTER SET = utf8mb4 COLLATE = utf8mb4_general_ci')
 4 SYSTEMPATH\Database\Forge.php(570): CodeIgniter\Database\BaseConnection->query('CREATE TABLE `category` (
	`id` INT(11) NOT NULL AUTO_INCREMENT,
	`name` varchar(100) NOT NULL,
	`created_at` timestamp NOT NULL DEFAULT \'current_timestamp()\',
	`sort_order` INT(11) NOT NULL DEFAULT 0,
	CONSTRAINT `pk_category` PRIMARY KEY(`id`)
) DEFAULT CHARACTER SET = utf8mb4 COLLATE = utf8mb4_general_ci')
 5 APPPATH\Database\Migrations\2026-02-23-132817_Category.php(34): CodeIgniter\Database\Forge->createTable('category')
 6 SYSTEMPATH\Database\MigrationRunner.php(1014): App\Database\Migrations\Category->up()
 7 SYSTEMPATH\Database\MigrationRunner.php(202): CodeIgniter\Database\MigrationRunner->migrate('up', Object(stdClass))
 8 SYSTEMPATH\Commands\Database\Migrate.php(89): CodeIgniter\Database\MigrationRunner->latest(null)
 9 SYSTEMPATH\CLI\SignalTrait.php(245): CodeIgniter\Commands\Database\Migrate::CodeIgniter\Commands\Database\{closure}()
10 SYSTEMPATH\Commands\Database\Migrate.php(88): CodeIgniter\Commands\Database\Migrate->withSignalsBlocked(Object(Closure))
11 SYSTEMPATH\CLI\Commands.php(74): CodeIgniter\Commands\Database\Migrate->run([])
12 SYSTEMPATH\CLI\Console.php(47): CodeIgniter\CLI\Commands->run('migrate', [])
13 SYSTEMPATH\Boot.php(442): CodeIgniter\CLI\Console->run()
14 SYSTEMPATH\Boot.php(166): CodeIgniter\Boot::runCommand(Object(CodeIgniter\CLI\Console))
15 ROOTPATH\spark(87): CodeIgniter\Boot::bootSpark(Object(Config\Paths))
ERROR - 2026-02-23 21:09:37 --> Invalid default value for 'created_at'
in SYSTEMPATH\Database\MySQLi\Connection.php on line 300.
 1 SYSTEMPATH\Database\MySQLi\Connection.php(300): mysqli->query('CREATE TABLE `category` (
	`id` INT(11) NOT NULL AUTO_INCREMENT,
	`name` varchar(100) NOT NULL,
	`created_at` timestamp NOT NULL DEFAULT \'current_timestamp()\',
	`sort_order` INT(11) NOT NULL DEFAULT 0,
	CONSTRAINT `pk_category` PRIMARY KEY(`id`)
) DEFAULT CHARACTER SET = utf8mb4 COLLATE = utf8mb4_general_ci', 0)
 2 SYSTEMPATH\Database\BaseConnection.php(769): CodeIgniter\Database\MySQLi\Connection->execute('CREATE TABLE `category` (
	`id` INT(11) NOT NULL AUTO_INCREMENT,
	`name` varchar(100) NOT NULL,
	`created_at` timestamp NOT NULL DEFAULT \'current_timestamp()\',
	`sort_order` INT(11) NOT NULL DEFAULT 0,
	CONSTRAINT `pk_category` PRIMARY KEY(`id`)
) DEFAULT CHARACTER SET = utf8mb4 COLLATE = utf8mb4_general_ci')
 3 SYSTEMPATH\Database\BaseConnection.php(686): CodeIgniter\Database\BaseConnection->simpleQuery('CREATE TABLE `category` (
	`id` INT(11) NOT NULL AUTO_INCREMENT,
	`name` varchar(100) NOT NULL,
	`created_at` timestamp NOT NULL DEFAULT \'current_timestamp()\',
	`sort_order` INT(11) NOT NULL DEFAULT 0,
	CONSTRAINT `pk_category` PRIMARY KEY(`id`)
) DEFAULT CHARACTER SET = utf8mb4 COLLATE = utf8mb4_general_ci')
 4 SYSTEMPATH\Database\Forge.php(570): CodeIgniter\Database\BaseConnection->query('CREATE TABLE `category` (
	`id` INT(11) NOT NULL AUTO_INCREMENT,
	`name` varchar(100) NOT NULL,
	`created_at` timestamp NOT NULL DEFAULT \'current_timestamp()\',
	`sort_order` INT(11) NOT NULL DEFAULT 0,
	CONSTRAINT `pk_category` PRIMARY KEY(`id`)
) DEFAULT CHARACTER SET = utf8mb4 COLLATE = utf8mb4_general_ci')
 5 APPPATH\Database\Migrations\2026-02-23-132817_Category.php(34): CodeIgniter\Database\Forge->createTable('category')
 6 SYSTEMPATH\Database\MigrationRunner.php(1014): App\Database\Migrations\Category->up()
 7 SYSTEMPATH\Database\MigrationRunner.php(202): CodeIgniter\Database\MigrationRunner->migrate('up', Object(stdClass))
 8 SYSTEMPATH\Commands\Database\Migrate.php(89): CodeIgniter\Database\MigrationRunner->latest(null)
 9 SYSTEMPATH\CLI\SignalTrait.php(245): CodeIgniter\Commands\Database\Migrate::CodeIgniter\Commands\Database\{closure}()
10 SYSTEMPATH\Commands\Database\Migrate.php(88): CodeIgniter\Commands\Database\Migrate->withSignalsBlocked(Object(Closure))
11 SYSTEMPATH\CLI\Commands.php(74): CodeIgniter\Commands\Database\Migrate->run([])
12 SYSTEMPATH\CLI\Console.php(47): CodeIgniter\CLI\Commands->run('migrate', [])
13 SYSTEMPATH\Boot.php(442): CodeIgniter\CLI\Console->run()
14 SYSTEMPATH\Boot.php(166): CodeIgniter\Boot::runCommand(Object(CodeIgniter\CLI\Console))
15 ROOTPATH\spark(87): CodeIgniter\Boot::bootSpark(Object(Config\Paths))
ERROR - 2026-02-23 21:10:39 --> Invalid default value for 'created_at'
in SYSTEMPATH\Database\MySQLi\Connection.php on line 300.
 1 SYSTEMPATH\Database\MySQLi\Connection.php(300): mysqli->query('CREATE TABLE `category` (
	`id` INT(11) NOT NULL AUTO_INCREMENT,
	`name` varchar(100) NOT NULL,
	`created_at` timestamp NOT NULL DEFAULT \'current_timestamp\',
	`sort_order` INT(11) NOT NULL DEFAULT 0,
	CONSTRAINT `pk_category` PRIMARY KEY(`id`)
) DEFAULT CHARACTER SET = utf8mb4 COLLATE = utf8mb4_general_ci', 0)
 2 SYSTEMPATH\Database\BaseConnection.php(769): CodeIgniter\Database\MySQLi\Connection->execute('CREATE TABLE `category` (
	`id` INT(11) NOT NULL AUTO_INCREMENT,
	`name` varchar(100) NOT NULL,
	`created_at` timestamp NOT NULL DEFAULT \'current_timestamp\',
	`sort_order` INT(11) NOT NULL DEFAULT 0,
	CONSTRAINT `pk_category` PRIMARY KEY(`id`)
) DEFAULT CHARACTER SET = utf8mb4 COLLATE = utf8mb4_general_ci')
 3 SYSTEMPATH\Database\BaseConnection.php(686): CodeIgniter\Database\BaseConnection->simpleQuery('CREATE TABLE `category` (
	`id` INT(11) NOT NULL AUTO_INCREMENT,
	`name` varchar(100) NOT NULL,
	`created_at` timestamp NOT NULL DEFAULT \'current_timestamp\',
	`sort_order` INT(11) NOT NULL DEFAULT 0,
	CONSTRAINT `pk_category` PRIMARY KEY(`id`)
) DEFAULT CHARACTER SET = utf8mb4 COLLATE = utf8mb4_general_ci')
 4 SYSTEMPATH\Database\Forge.php(570): CodeIgniter\Database\BaseConnection->query('CREATE TABLE `category` (
	`id` INT(11) NOT NULL AUTO_INCREMENT,
	`name` varchar(100) NOT NULL,
	`created_at` timestamp NOT NULL DEFAULT \'current_timestamp\',
	`sort_order` INT(11) NOT NULL DEFAULT 0,
	CONSTRAINT `pk_category` PRIMARY KEY(`id`)
) DEFAULT CHARACTER SET = utf8mb4 COLLATE = utf8mb4_general_ci')
 5 APPPATH\Database\Migrations\2026-02-23-132817_Category.php(34): CodeIgniter\Database\Forge->createTable('category')
 6 SYSTEMPATH\Database\MigrationRunner.php(1014): App\Database\Migrations\Category->up()
 7 SYSTEMPATH\Database\MigrationRunner.php(202): CodeIgniter\Database\MigrationRunner->migrate('up', Object(stdClass))
 8 SYSTEMPATH\Commands\Database\Migrate.php(89): CodeIgniter\Database\MigrationRunner->latest(null)
 9 SYSTEMPATH\CLI\SignalTrait.php(245): CodeIgniter\Commands\Database\Migrate::CodeIgniter\Commands\Database\{closure}()
10 SYSTEMPATH\Commands\Database\Migrate.php(88): CodeIgniter\Commands\Database\Migrate->withSignalsBlocked(Object(Closure))
11 SYSTEMPATH\CLI\Commands.php(74): CodeIgniter\Commands\Database\Migrate->run([])
12 SYSTEMPATH\CLI\Console.php(47): CodeIgniter\CLI\Commands->run('migrate', [])
13 SYSTEMPATH\Boot.php(442): CodeIgniter\CLI\Console->run()
14 SYSTEMPATH\Boot.php(166): CodeIgniter\Boot::runCommand(Object(CodeIgniter\CLI\Console))
15 ROOTPATH\spark(87): CodeIgniter\Boot::bootSpark(Object(Config\Paths))
ERROR - 2026-02-23 21:46:50 --> You have an error in your SQL syntax; check the manual that corresponds to your MariaDB server version for the right syntax to use near '(),
	CONSTRAINT `users_email_foreign` FOREIGN KEY (`email`) REFERENCES ()
) D...' at line 9
in SYSTEMPATH\Database\MySQLi\Connection.php on line 300.
 1 SYSTEMPATH\Database\MySQLi\Connection.php(300): mysqli->query('CREATE TABLE `users` (
	`id` INT UNSIGNED NOT NULL AUTO_INCREMENT,
	`username` varchar(50) NOT NULL,
	`email` varchar(100) NOT NULL,
	`password` varchar(255) NOT NULL,
	`role` enum(\'user\',\'admin\') NULL DEFAULT \'user\',
	`created_at` timestamp NOT NULL,
	CONSTRAINT `pk_users` PRIMARY KEY(`id`),
	CONSTRAINT `users_username_foreign` FOREIGN KEY (`username`) REFERENCES (),
	CONSTRAINT `users_email_foreign` FOREIGN KEY (`email`) REFERENCES ()
) DEFAULT CHARACTER SET = utf8mb4 COLLATE = utf8mb4_general_ci', 0)
 2 SYSTEMPATH\Database\BaseConnection.php(769): CodeIgniter\Database\MySQLi\Connection->execute('CREATE TABLE `users` (
	`id` INT UNSIGNED NOT NULL AUTO_INCREMENT,
	`username` varchar(50) NOT NULL,
	`email` varchar(100) NOT NULL,
	`password` varchar(255) NOT NULL,
	`role` enum(\'user\',\'admin\') NULL DEFAULT \'user\',
	`created_at` timestamp NOT NULL,
	CONSTRAINT `pk_users` PRIMARY KEY(`id`),
	CONSTRAINT `users_username_foreign` FOREIGN KEY (`username`) REFERENCES (),
	CONSTRAINT `users_email_foreign` FOREIGN KEY (`email`) REFERENCES ()
) DEFAULT CHARACTER SET = utf8mb4 COLLATE = utf8mb4_general_ci')
 3 SYSTEMPATH\Database\BaseConnection.php(686): CodeIgniter\Database\BaseConnection->simpleQuery('CREATE TABLE `users` (
	`id` INT UNSIGNED NOT NULL AUTO_INCREMENT,
	`username` varchar(50) NOT NULL,
	`email` varchar(100) NOT NULL,
	`password` varchar(255) NOT NULL,
	`role` enum(\'user\',\'admin\') NULL DEFAULT \'user\',
	`created_at` timestamp NOT NULL,
	CONSTRAINT `pk_users` PRIMARY KEY(`id`),
	CONSTRAINT `users_username_foreign` FOREIGN KEY (`username`) REFERENCES (),
	CONSTRAINT `users_email_foreign` FOREIGN KEY (`email`) REFERENCES ()
) DEFAULT CHARACTER SET = utf8mb4 COLLATE = utf8mb4_general_ci')
 4 SYSTEMPATH\Database\Forge.php(570): CodeIgniter\Database\BaseConnection->query('CREATE TABLE `users` (
	`id` INT UNSIGNED NOT NULL AUTO_INCREMENT,
	`username` varchar(50) NOT NULL,
	`email` varchar(100) NOT NULL,
	`password` varchar(255) NOT NULL,
	`role` enum(\'user\',\'admin\') NULL DEFAULT \'user\',
	`created_at` timestamp NOT NULL,
	CONSTRAINT `pk_users` PRIMARY KEY(`id`),
	CONSTRAINT `users_username_foreign` FOREIGN KEY (`username`) REFERENCES (),
	CONSTRAINT `users_email_foreign` FOREIGN KEY (`email`) REFERENCES ()
) DEFAULT CHARACTER SET = utf8mb4 COLLATE = utf8mb4_general_ci')
 5 APPPATH\Database\Migrations\2026-02-23-142115_Users.php(46): CodeIgniter\Database\Forge->createTable('users')
 6 SYSTEMPATH\Database\MigrationRunner.php(1014): App\Database\Migrations\Users->up()
 7 SYSTEMPATH\Database\MigrationRunner.php(202): CodeIgniter\Database\MigrationRunner->migrate('up', Object(stdClass))
 8 SYSTEMPATH\Commands\Database\Migrate.php(89): CodeIgniter\Database\MigrationRunner->latest(null)
 9 SYSTEMPATH\CLI\SignalTrait.php(245): CodeIgniter\Commands\Database\Migrate::CodeIgniter\Commands\Database\{closure}()
10 SYSTEMPATH\Commands\Database\Migrate.php(88): CodeIgniter\Commands\Database\Migrate->withSignalsBlocked(Object(Closure))
11 SYSTEMPATH\CLI\Commands.php(74): CodeIgniter\Commands\Database\Migrate->run([...])
12 SYSTEMPATH\CLI\BaseCommand.php(119): CodeIgniter\CLI\Commands->run('migrate', [...])
13 SYSTEMPATH\Commands\Database\MigrateRefresh.php(91): CodeIgniter\CLI\BaseCommand->call('migrate', [...])
14 SYSTEMPATH\CLI\SignalTrait.php(245): CodeIgniter\Commands\Database\MigrateRefresh->CodeIgniter\Commands\Database\{closure}()
15 SYSTEMPATH\Commands\Database\MigrateRefresh.php(89): CodeIgniter\Commands\Database\MigrateRefresh->withSignalsBlocked(Object(Closure))
16 SYSTEMPATH\CLI\Commands.php(74): CodeIgniter\Commands\Database\MigrateRefresh->run([...])
17 SYSTEMPATH\CLI\Console.php(47): CodeIgniter\CLI\Commands->run('migrate:refresh', [])
18 SYSTEMPATH\Boot.php(442): CodeIgniter\CLI\Console->run()
19 SYSTEMPATH\Boot.php(166): CodeIgniter\Boot::runCommand(Object(CodeIgniter\CLI\Console))
20 ROOTPATH\spark(87): CodeIgniter\Boot::bootSpark(Object(Config\Paths))
ERROR - 2026-02-23 21:49:22 --> You have an error in your SQL syntax; check the manual that corresponds to your MariaDB server version for the right syntax to use near '(),
	CONSTRAINT `users_email_foreign` FOREIGN KEY (`email`) REFERENCES ()
) D...' at line 9
in SYSTEMPATH\Database\MySQLi\Connection.php on line 300.
 1 SYSTEMPATH\Database\MySQLi\Connection.php(300): mysqli->query('CREATE TABLE `users` (
	`id` INT UNSIGNED NOT NULL AUTO_INCREMENT,
	`username` varchar(50) NOT NULL,
	`email` varchar(100) NOT NULL,
	`password` varchar(255) NOT NULL,
	`role` enum(\'user\',\'admin\') NULL DEFAULT \'user\',
	`created_at` timestamp NOT NULL,
	CONSTRAINT `pk_users` PRIMARY KEY(`id`),
	CONSTRAINT `users_username_foreign` FOREIGN KEY (`username`) REFERENCES (),
	CONSTRAINT `users_email_foreign` FOREIGN KEY (`email`) REFERENCES ()
) DEFAULT CHARACTER SET = utf8mb4 COLLATE = utf8mb4_general_ci', 0)
 2 SYSTEMPATH\Database\BaseConnection.php(769): CodeIgniter\Database\MySQLi\Connection->execute('CREATE TABLE `users` (
	`id` INT UNSIGNED NOT NULL AUTO_INCREMENT,
	`username` varchar(50) NOT NULL,
	`email` varchar(100) NOT NULL,
	`password` varchar(255) NOT NULL,
	`role` enum(\'user\',\'admin\') NULL DEFAULT \'user\',
	`created_at` timestamp NOT NULL,
	CONSTRAINT `pk_users` PRIMARY KEY(`id`),
	CONSTRAINT `users_username_foreign` FOREIGN KEY (`username`) REFERENCES (),
	CONSTRAINT `users_email_foreign` FOREIGN KEY (`email`) REFERENCES ()
) DEFAULT CHARACTER SET = utf8mb4 COLLATE = utf8mb4_general_ci')
 3 SYSTEMPATH\Database\BaseConnection.php(686): CodeIgniter\Database\BaseConnection->simpleQuery('CREATE TABLE `users` (
	`id` INT UNSIGNED NOT NULL AUTO_INCREMENT,
	`username` varchar(50) NOT NULL,
	`email` varchar(100) NOT NULL,
	`password` varchar(255) NOT NULL,
	`role` enum(\'user\',\'admin\') NULL DEFAULT \'user\',
	`created_at` timestamp NOT NULL,
	CONSTRAINT `pk_users` PRIMARY KEY(`id`),
	CONSTRAINT `users_username_foreign` FOREIGN KEY (`username`) REFERENCES (),
	CONSTRAINT `users_email_foreign` FOREIGN KEY (`email`) REFERENCES ()
) DEFAULT CHARACTER SET = utf8mb4 COLLATE = utf8mb4_general_ci')
 4 SYSTEMPATH\Database\Forge.php(570): CodeIgniter\Database\BaseConnection->query('CREATE TABLE `users` (
	`id` INT UNSIGNED NOT NULL AUTO_INCREMENT,
	`username` varchar(50) NOT NULL,
	`email` varchar(100) NOT NULL,
	`password` varchar(255) NOT NULL,
	`role` enum(\'user\',\'admin\') NULL DEFAULT \'user\',
	`created_at` timestamp NOT NULL,
	CONSTRAINT `pk_users` PRIMARY KEY(`id`),
	CONSTRAINT `users_username_foreign` FOREIGN KEY (`username`) REFERENCES (),
	CONSTRAINT `users_email_foreign` FOREIGN KEY (`email`) REFERENCES ()
) DEFAULT CHARACTER SET = utf8mb4 COLLATE = utf8mb4_general_ci')
 5 APPPATH\Database\Migrations\2026-02-23-142115_Users.php(46): CodeIgniter\Database\Forge->createTable('users')
 6 SYSTEMPATH\Database\MigrationRunner.php(1014): App\Database\Migrations\Users->up()
 7 SYSTEMPATH\Database\MigrationRunner.php(202): CodeIgniter\Database\MigrationRunner->migrate('up', Object(stdClass))
 8 SYSTEMPATH\Commands\Database\Migrate.php(89): CodeIgniter\Database\MigrationRunner->latest(null)
 9 SYSTEMPATH\CLI\SignalTrait.php(245): CodeIgniter\Commands\Database\Migrate::CodeIgniter\Commands\Database\{closure}()
10 SYSTEMPATH\Commands\Database\Migrate.php(88): CodeIgniter\Commands\Database\Migrate->withSignalsBlocked(Object(Closure))
11 SYSTEMPATH\CLI\Commands.php(74): CodeIgniter\Commands\Database\Migrate->run([])
12 SYSTEMPATH\CLI\Console.php(47): CodeIgniter\CLI\Commands->run('migrate', [])
13 SYSTEMPATH\Boot.php(442): CodeIgniter\CLI\Console->run()
14 SYSTEMPATH\Boot.php(166): CodeIgniter\Boot::runCommand(Object(CodeIgniter\CLI\Console))
15 ROOTPATH\spark(87): CodeIgniter\Boot::bootSpark(Object(Config\Paths))
ERROR - 2026-02-23 21:50:06 --> You have an error in your SQL syntax; check the manual that corresponds to your MariaDB server version for the right syntax to use near '()
) DEFAULT CHARACTER SET = utf8mb4 COLLATE = utf8mb4_general_ci' at line 9
in SYSTEMPATH\Database\MySQLi\Connection.php on line 300.
 1 SYSTEMPATH\Database\MySQLi\Connection.php(300): mysqli->query('CREATE TABLE `users` (
	`id` INT UNSIGNED NOT NULL AUTO_INCREMENT,
	`username` varchar(50) NOT NULL,
	`email` varchar(100) NOT NULL,
	`password` varchar(255) NOT NULL,
	`role` enum(\'user\',\'admin\') NULL DEFAULT \'user\',
	`created_at` timestamp NOT NULL,
	CONSTRAINT `pk_users` PRIMARY KEY(`id`),
	CONSTRAINT `users_username_foreign` FOREIGN KEY (`username`) REFERENCES ()
) DEFAULT CHARACTER SET = utf8mb4 COLLATE = utf8mb4_general_ci', 0)
 2 SYSTEMPATH\Database\BaseConnection.php(769): CodeIgniter\Database\MySQLi\Connection->execute('CREATE TABLE `users` (
	`id` INT UNSIGNED NOT NULL AUTO_INCREMENT,
	`username` varchar(50) NOT NULL,
	`email` varchar(100) NOT NULL,
	`password` varchar(255) NOT NULL,
	`role` enum(\'user\',\'admin\') NULL DEFAULT \'user\',
	`created_at` timestamp NOT NULL,
	CONSTRAINT `pk_users` PRIMARY KEY(`id`),
	CONSTRAINT `users_username_foreign` FOREIGN KEY (`username`) REFERENCES ()
) DEFAULT CHARACTER SET = utf8mb4 COLLATE = utf8mb4_general_ci')
 3 SYSTEMPATH\Database\BaseConnection.php(686): CodeIgniter\Database\BaseConnection->simpleQuery('CREATE TABLE `users` (
	`id` INT UNSIGNED NOT NULL AUTO_INCREMENT,
	`username` varchar(50) NOT NULL,
	`email` varchar(100) NOT NULL,
	`password` varchar(255) NOT NULL,
	`role` enum(\'user\',\'admin\') NULL DEFAULT \'user\',
	`created_at` timestamp NOT NULL,
	CONSTRAINT `pk_users` PRIMARY KEY(`id`),
	CONSTRAINT `users_username_foreign` FOREIGN KEY (`username`) REFERENCES ()
) DEFAULT CHARACTER SET = utf8mb4 COLLATE = utf8mb4_general_ci')
 4 SYSTEMPATH\Database\Forge.php(570): CodeIgniter\Database\BaseConnection->query('CREATE TABLE `users` (
	`id` INT UNSIGNED NOT NULL AUTO_INCREMENT,
	`username` varchar(50) NOT NULL,
	`email` varchar(100) NOT NULL,
	`password` varchar(255) NOT NULL,
	`role` enum(\'user\',\'admin\') NULL DEFAULT \'user\',
	`created_at` timestamp NOT NULL,
	CONSTRAINT `pk_users` PRIMARY KEY(`id`),
	CONSTRAINT `users_username_foreign` FOREIGN KEY (`username`) REFERENCES ()
) DEFAULT CHARACTER SET = utf8mb4 COLLATE = utf8mb4_general_ci')
 5 APPPATH\Database\Migrations\2026-02-23-142115_Users.php(45): CodeIgniter\Database\Forge->createTable('users')
 6 SYSTEMPATH\Database\MigrationRunner.php(1014): App\Database\Migrations\Users->up()
 7 SYSTEMPATH\Database\MigrationRunner.php(202): CodeIgniter\Database\MigrationRunner->migrate('up', Object(stdClass))
 8 SYSTEMPATH\Commands\Database\Migrate.php(89): CodeIgniter\Database\MigrationRunner->latest(null)
 9 SYSTEMPATH\CLI\SignalTrait.php(245): CodeIgniter\Commands\Database\Migrate::CodeIgniter\Commands\Database\{closure}()
10 SYSTEMPATH\Commands\Database\Migrate.php(88): CodeIgniter\Commands\Database\Migrate->withSignalsBlocked(Object(Closure))
11 SYSTEMPATH\CLI\Commands.php(74): CodeIgniter\Commands\Database\Migrate->run([])
12 SYSTEMPATH\CLI\Console.php(47): CodeIgniter\CLI\Commands->run('migrate', [])
13 SYSTEMPATH\Boot.php(442): CodeIgniter\CLI\Console->run()
14 SYSTEMPATH\Boot.php(166): CodeIgniter\Boot::runCommand(Object(CodeIgniter\CLI\Console))
15 ROOTPATH\spark(87): CodeIgniter\Boot::bootSpark(Object(Config\Paths))
ERROR - 2026-02-23 21:52:31 --> You have an error in your SQL syntax; check the manual that corresponds to your MariaDB server version for the right syntax to use near ')
) DEFAULT CHARACTER SET = utf8mb4 COLLATE = utf8mb4_general_ci' at line 9
in SYSTEMPATH\Database\MySQLi\Connection.php on line 300.
 1 SYSTEMPATH\Database\MySQLi\Connection.php(300): mysqli->query('CREATE TABLE `users` (
	`id` INT UNSIGNED NOT NULL AUTO_INCREMENT,
	`username` varchar(50) NOT NULL,
	`email` varchar(100) NOT NULL,
	`password` varchar(255) NOT NULL,
	`role` enum(\'user\',\'admin\') NULL DEFAULT \'user\',
	`created_at` timestamp NOT NULL,
	CONSTRAINT `pk_users` PRIMARY KEY(`id`),
	CONSTRAINT `users_username_foreign` FOREIGN KEY (`username`) REFERENCES `users`()
) DEFAULT CHARACTER SET = utf8mb4 COLLATE = utf8mb4_general_ci', 0)
 2 SYSTEMPATH\Database\BaseConnection.php(769): CodeIgniter\Database\MySQLi\Connection->execute('CREATE TABLE `users` (
	`id` INT UNSIGNED NOT NULL AUTO_INCREMENT,
	`username` varchar(50) NOT NULL,
	`email` varchar(100) NOT NULL,
	`password` varchar(255) NOT NULL,
	`role` enum(\'user\',\'admin\') NULL DEFAULT \'user\',
	`created_at` timestamp NOT NULL,
	CONSTRAINT `pk_users` PRIMARY KEY(`id`),
	CONSTRAINT `users_username_foreign` FOREIGN KEY (`username`) REFERENCES `users`()
) DEFAULT CHARACTER SET = utf8mb4 COLLATE = utf8mb4_general_ci')
 3 SYSTEMPATH\Database\BaseConnection.php(686): CodeIgniter\Database\BaseConnection->simpleQuery('CREATE TABLE `users` (
	`id` INT UNSIGNED NOT NULL AUTO_INCREMENT,
	`username` varchar(50) NOT NULL,
	`email` varchar(100) NOT NULL,
	`password` varchar(255) NOT NULL,
	`role` enum(\'user\',\'admin\') NULL DEFAULT \'user\',
	`created_at` timestamp NOT NULL,
	CONSTRAINT `pk_users` PRIMARY KEY(`id`),
	CONSTRAINT `users_username_foreign` FOREIGN KEY (`username`) REFERENCES `users`()
) DEFAULT CHARACTER SET = utf8mb4 COLLATE = utf8mb4_general_ci')
 4 SYSTEMPATH\Database\Forge.php(570): CodeIgniter\Database\BaseConnection->query('CREATE TABLE `users` (
	`id` INT UNSIGNED NOT NULL AUTO_INCREMENT,
	`username` varchar(50) NOT NULL,
	`email` varchar(100) NOT NULL,
	`password` varchar(255) NOT NULL,
	`role` enum(\'user\',\'admin\') NULL DEFAULT \'user\',
	`created_at` timestamp NOT NULL,
	CONSTRAINT `pk_users` PRIMARY KEY(`id`),
	CONSTRAINT `users_username_foreign` FOREIGN KEY (`username`) REFERENCES `users`()
) DEFAULT CHARACTER SET = utf8mb4 COLLATE = utf8mb4_general_ci')
 5 APPPATH\Database\Migrations\2026-02-23-142115_Users.php(45): CodeIgniter\Database\Forge->createTable('users')
 6 SYSTEMPATH\Database\MigrationRunner.php(1014): App\Database\Migrations\Users->up()
 7 SYSTEMPATH\Database\MigrationRunner.php(202): CodeIgniter\Database\MigrationRunner->migrate('up', Object(stdClass))
 8 SYSTEMPATH\Commands\Database\Migrate.php(89): CodeIgniter\Database\MigrationRunner->latest(null)
 9 SYSTEMPATH\CLI\SignalTrait.php(245): CodeIgniter\Commands\Database\Migrate::CodeIgniter\Commands\Database\{closure}()
10 SYSTEMPATH\Commands\Database\Migrate.php(88): CodeIgniter\Commands\Database\Migrate->withSignalsBlocked(Object(Closure))
11 SYSTEMPATH\CLI\Commands.php(74): CodeIgniter\Commands\Database\Migrate->run([])
12 SYSTEMPATH\CLI\Console.php(47): CodeIgniter\CLI\Commands->run('migrate', [])
13 SYSTEMPATH\Boot.php(442): CodeIgniter\CLI\Console->run()
14 SYSTEMPATH\Boot.php(166): CodeIgniter\Boot::runCommand(Object(CodeIgniter\CLI\Console))
15 ROOTPATH\spark(87): CodeIgniter\Boot::bootSpark(Object(Config\Paths))
ERROR - 2026-02-23 21:57:27 --> You have an error in your SQL syntax; check the manual that corresponds to your MariaDB server version for the right syntax to use near 'UNSIGNED NOT NULL,
	`email` varchar(100) UNSIGNED NOT NULL,
	`password` varch...' at line 3
in SYSTEMPATH\Database\MySQLi\Connection.php on line 300.
 1 SYSTEMPATH\Database\MySQLi\Connection.php(300): mysqli->query('CREATE TABLE `users` (
	`id` INT UNSIGNED NOT NULL AUTO_INCREMENT,
	`username` varchar(50) UNSIGNED NOT NULL,
	`email` varchar(100) UNSIGNED NOT NULL,
	`password` varchar(255) NOT NULL,
	`role` enum(\'user\',\'admin\') NULL DEFAULT \'user\',
	`created_at` timestamp NOT NULL,
	CONSTRAINT `pk_users` PRIMARY KEY(`id`)
) DEFAULT CHARACTER SET = utf8mb4 COLLATE = utf8mb4_general_ci', 0)
 2 SYSTEMPATH\Database\BaseConnection.php(769): CodeIgniter\Database\MySQLi\Connection->execute('CREATE TABLE `users` (
	`id` INT UNSIGNED NOT NULL AUTO_INCREMENT,
	`username` varchar(50) UNSIGNED NOT NULL,
	`email` varchar(100) UNSIGNED NOT NULL,
	`password` varchar(255) NOT NULL,
	`role` enum(\'user\',\'admin\') NULL DEFAULT \'user\',
	`created_at` timestamp NOT NULL,
	CONSTRAINT `pk_users` PRIMARY KEY(`id`)
) DEFAULT CHARACTER SET = utf8mb4 COLLATE = utf8mb4_general_ci')
 3 SYSTEMPATH\Database\BaseConnection.php(686): CodeIgniter\Database\BaseConnection->simpleQuery('CREATE TABLE `users` (
	`id` INT UNSIGNED NOT NULL AUTO_INCREMENT,
	`username` varchar(50) UNSIGNED NOT NULL,
	`email` varchar(100) UNSIGNED NOT NULL,
	`password` varchar(255) NOT NULL,
	`role` enum(\'user\',\'admin\') NULL DEFAULT \'user\',
	`created_at` timestamp NOT NULL,
	CONSTRAINT `pk_users` PRIMARY KEY(`id`)
) DEFAULT CHARACTER SET = utf8mb4 COLLATE = utf8mb4_general_ci')
 4 SYSTEMPATH\Database\Forge.php(570): CodeIgniter\Database\BaseConnection->query('CREATE TABLE `users` (
	`id` INT UNSIGNED NOT NULL AUTO_INCREMENT,
	`username` varchar(50) UNSIGNED NOT NULL,
	`email` varchar(100) UNSIGNED NOT NULL,
	`password` varchar(255) NOT NULL,
	`role` enum(\'user\',\'admin\') NULL DEFAULT \'user\',
	`created_at` timestamp NOT NULL,
	CONSTRAINT `pk_users` PRIMARY KEY(`id`)
) DEFAULT CHARACTER SET = utf8mb4 COLLATE = utf8mb4_general_ci')
 5 APPPATH\Database\Migrations\2026-02-23-142115_Users.php(46): CodeIgniter\Database\Forge->createTable('users')
 6 SYSTEMPATH\Database\MigrationRunner.php(1014): App\Database\Migrations\Users->up()
 7 SYSTEMPATH\Database\MigrationRunner.php(202): CodeIgniter\Database\MigrationRunner->migrate('up', Object(stdClass))
 8 SYSTEMPATH\Commands\Database\Migrate.php(89): CodeIgniter\Database\MigrationRunner->latest(null)
 9 SYSTEMPATH\CLI\SignalTrait.php(245): CodeIgniter\Commands\Database\Migrate::CodeIgniter\Commands\Database\{closure}()
10 SYSTEMPATH\Commands\Database\Migrate.php(88): CodeIgniter\Commands\Database\Migrate->withSignalsBlocked(Object(Closure))
11 SYSTEMPATH\CLI\Commands.php(74): CodeIgniter\Commands\Database\Migrate->run([])
12 SYSTEMPATH\CLI\Console.php(47): CodeIgniter\CLI\Commands->run('migrate', [])
13 SYSTEMPATH\Boot.php(442): CodeIgniter\CLI\Console->run()
14 SYSTEMPATH\Boot.php(166): CodeIgniter\Boot::runCommand(Object(CodeIgniter\CLI\Console))
15 ROOTPATH\spark(87): CodeIgniter\Boot::bootSpark(Object(Config\Paths))
ERROR - 2026-02-23 21:59:12 --> You have an error in your SQL syntax; check the manual that corresponds to your MariaDB server version for the right syntax to use near 'UNSIGNED NOT NULL,
	`email` varchar(100) UNSIGNED NOT NULL,
	`password` varch...' at line 3
in SYSTEMPATH\Database\MySQLi\Connection.php on line 300.
 1 SYSTEMPATH\Database\MySQLi\Connection.php(300): mysqli->query('CREATE TABLE `users` (
	`id` INT UNSIGNED NOT NULL AUTO_INCREMENT,
	`username` varchar(50) UNSIGNED NOT NULL,
	`email` varchar(100) UNSIGNED NOT NULL,
	`password` varchar(255) NOT NULL,
	`role` enum(\'user\',\'admin\') NULL DEFAULT \'user\',
	`created_at` timestamp NOT NULL,
	CONSTRAINT `pk_users` PRIMARY KEY(`id`)
) DEFAULT CHARACTER SET = utf8mb4 COLLATE = utf8mb4_general_ci', 0)
 2 SYSTEMPATH\Database\BaseConnection.php(769): CodeIgniter\Database\MySQLi\Connection->execute('CREATE TABLE `users` (
	`id` INT UNSIGNED NOT NULL AUTO_INCREMENT,
	`username` varchar(50) UNSIGNED NOT NULL,
	`email` varchar(100) UNSIGNED NOT NULL,
	`password` varchar(255) NOT NULL,
	`role` enum(\'user\',\'admin\') NULL DEFAULT \'user\',
	`created_at` timestamp NOT NULL,
	CONSTRAINT `pk_users` PRIMARY KEY(`id`)
) DEFAULT CHARACTER SET = utf8mb4 COLLATE = utf8mb4_general_ci')
 3 SYSTEMPATH\Database\BaseConnection.php(686): CodeIgniter\Database\BaseConnection->simpleQuery('CREATE TABLE `users` (
	`id` INT UNSIGNED NOT NULL AUTO_INCREMENT,
	`username` varchar(50) UNSIGNED NOT NULL,
	`email` varchar(100) UNSIGNED NOT NULL,
	`password` varchar(255) NOT NULL,
	`role` enum(\'user\',\'admin\') NULL DEFAULT \'user\',
	`created_at` timestamp NOT NULL,
	CONSTRAINT `pk_users` PRIMARY KEY(`id`)
) DEFAULT CHARACTER SET = utf8mb4 COLLATE = utf8mb4_general_ci')
 4 SYSTEMPATH\Database\Forge.php(570): CodeIgniter\Database\BaseConnection->query('CREATE TABLE `users` (
	`id` INT UNSIGNED NOT NULL AUTO_INCREMENT,
	`username` varchar(50) UNSIGNED NOT NULL,
	`email` varchar(100) UNSIGNED NOT NULL,
	`password` varchar(255) NOT NULL,
	`role` enum(\'user\',\'admin\') NULL DEFAULT \'user\',
	`created_at` timestamp NOT NULL,
	CONSTRAINT `pk_users` PRIMARY KEY(`id`)
) DEFAULT CHARACTER SET = utf8mb4 COLLATE = utf8mb4_general_ci')
 5 APPPATH\Database\Migrations\2026-02-23-142115_Users.php(44): CodeIgniter\Database\Forge->createTable('users')
 6 SYSTEMPATH\Database\MigrationRunner.php(1014): App\Database\Migrations\Users->up()
 7 SYSTEMPATH\Database\MigrationRunner.php(202): CodeIgniter\Database\MigrationRunner->migrate('up', Object(stdClass))
 8 SYSTEMPATH\Commands\Database\Migrate.php(89): CodeIgniter\Database\MigrationRunner->latest(null)
 9 SYSTEMPATH\CLI\SignalTrait.php(245): CodeIgniter\Commands\Database\Migrate::CodeIgniter\Commands\Database\{closure}()
10 SYSTEMPATH\Commands\Database\Migrate.php(88): CodeIgniter\Commands\Database\Migrate->withSignalsBlocked(Object(Closure))
11 SYSTEMPATH\CLI\Commands.php(74): CodeIgniter\Commands\Database\Migrate->run([])
12 SYSTEMPATH\CLI\Console.php(47): CodeIgniter\CLI\Commands->run('migrate', [])
13 SYSTEMPATH\Boot.php(442): CodeIgniter\CLI\Console->run()
14 SYSTEMPATH\Boot.php(166): CodeIgniter\Boot::runCommand(Object(CodeIgniter\CLI\Console))
15 ROOTPATH\spark(87): CodeIgniter\Boot::bootSpark(Object(Config\Paths))
ERROR - 2026-02-23 22:00:23 --> You have an error in your SQL syntax; check the manual that corresponds to your MariaDB server version for the right syntax to use near 'UNSIGNED NOT NULL,
	`email` varchar(100) UNSIGNED NOT NULL,
	`password` varch...' at line 3
in SYSTEMPATH\Database\MySQLi\Connection.php on line 300.
 1 SYSTEMPATH\Database\MySQLi\Connection.php(300): mysqli->query('CREATE TABLE `users` (
	`id` INT(11) UNSIGNED NOT NULL AUTO_INCREMENT,
	`username` varchar(50) UNSIGNED NOT NULL,
	`email` varchar(100) UNSIGNED NOT NULL,
	`password` varchar(255) NOT NULL,
	`role` enum(\'user\',\'admin\') NULL DEFAULT \'user\',
	`created_at` timestamp NOT NULL,
	CONSTRAINT `pk_users` PRIMARY KEY(`id`)
) DEFAULT CHARACTER SET = utf8mb4 COLLATE = utf8mb4_general_ci', 0)
 2 SYSTEMPATH\Database\BaseConnection.php(769): CodeIgniter\Database\MySQLi\Connection->execute('CREATE TABLE `users` (
	`id` INT(11) UNSIGNED NOT NULL AUTO_INCREMENT,
	`username` varchar(50) UNSIGNED NOT NULL,
	`email` varchar(100) UNSIGNED NOT NULL,
	`password` varchar(255) NOT NULL,
	`role` enum(\'user\',\'admin\') NULL DEFAULT \'user\',
	`created_at` timestamp NOT NULL,
	CONSTRAINT `pk_users` PRIMARY KEY(`id`)
) DEFAULT CHARACTER SET = utf8mb4 COLLATE = utf8mb4_general_ci')
 3 SYSTEMPATH\Database\BaseConnection.php(686): CodeIgniter\Database\BaseConnection->simpleQuery('CREATE TABLE `users` (
	`id` INT(11) UNSIGNED NOT NULL AUTO_INCREMENT,
	`username` varchar(50) UNSIGNED NOT NULL,
	`email` varchar(100) UNSIGNED NOT NULL,
	`password` varchar(255) NOT NULL,
	`role` enum(\'user\',\'admin\') NULL DEFAULT \'user\',
	`created_at` timestamp NOT NULL,
	CONSTRAINT `pk_users` PRIMARY KEY(`id`)
) DEFAULT CHARACTER SET = utf8mb4 COLLATE = utf8mb4_general_ci')
 4 SYSTEMPATH\Database\Forge.php(570): CodeIgniter\Database\BaseConnection->query('CREATE TABLE `users` (
	`id` INT(11) UNSIGNED NOT NULL AUTO_INCREMENT,
	`username` varchar(50) UNSIGNED NOT NULL,
	`email` varchar(100) UNSIGNED NOT NULL,
	`password` varchar(255) NOT NULL,
	`role` enum(\'user\',\'admin\') NULL DEFAULT \'user\',
	`created_at` timestamp NOT NULL,
	CONSTRAINT `pk_users` PRIMARY KEY(`id`)
) DEFAULT CHARACTER SET = utf8mb4 COLLATE = utf8mb4_general_ci')
 5 APPPATH\Database\Migrations\2026-02-23-142115_Users.php(46): CodeIgniter\Database\Forge->createTable('users')
 6 SYSTEMPATH\Database\MigrationRunner.php(1014): App\Database\Migrations\Users->up()
 7 SYSTEMPATH\Database\MigrationRunner.php(202): CodeIgniter\Database\MigrationRunner->migrate('up', Object(stdClass))
 8 SYSTEMPATH\Commands\Database\Migrate.php(89): CodeIgniter\Database\MigrationRunner->latest(null)
 9 SYSTEMPATH\CLI\SignalTrait.php(245): CodeIgniter\Commands\Database\Migrate::CodeIgniter\Commands\Database\{closure}()
10 SYSTEMPATH\Commands\Database\Migrate.php(88): CodeIgniter\Commands\Database\Migrate->withSignalsBlocked(Object(Closure))
11 SYSTEMPATH\CLI\Commands.php(74): CodeIgniter\Commands\Database\Migrate->run([])
12 SYSTEMPATH\CLI\Console.php(47): CodeIgniter\CLI\Commands->run('migrate', [])
13 SYSTEMPATH\Boot.php(442): CodeIgniter\CLI\Console->run()
14 SYSTEMPATH\Boot.php(166): CodeIgniter\Boot::runCommand(Object(CodeIgniter\CLI\Console))
15 ROOTPATH\spark(87): CodeIgniter\Boot::bootSpark(Object(Config\Paths))
ERROR - 2026-02-23 22:02:45 --> You have an error in your SQL syntax; check the manual that corresponds to your MariaDB server version for the right syntax to use near 'UNSIGNED NOT NULL,
	`email` varchar(100) UNSIGNED NOT NULL,
	`password` varch...' at line 3
in SYSTEMPATH\Database\MySQLi\Connection.php on line 300.
 1 SYSTEMPATH\Database\MySQLi\Connection.php(300): mysqli->query('CREATE TABLE `users` (
	`id` INT(11) UNSIGNED NOT NULL AUTO_INCREMENT,
	`username` varchar(50) UNSIGNED NOT NULL,
	`email` varchar(100) UNSIGNED NOT NULL,
	`password` varchar(255) NOT NULL,
	`role` enum(\'user\',\'admin\') NULL DEFAULT \'user\',
	`created_at` timestamp NOT NULL,
	CONSTRAINT `pk_users` PRIMARY KEY(`id`)
) DEFAULT CHARACTER SET = utf8mb4 COLLATE = utf8mb4_general_ci', 0)
 2 SYSTEMPATH\Database\BaseConnection.php(769): CodeIgniter\Database\MySQLi\Connection->execute('CREATE TABLE `users` (
	`id` INT(11) UNSIGNED NOT NULL AUTO_INCREMENT,
	`username` varchar(50) UNSIGNED NOT NULL,
	`email` varchar(100) UNSIGNED NOT NULL,
	`password` varchar(255) NOT NULL,
	`role` enum(\'user\',\'admin\') NULL DEFAULT \'user\',
	`created_at` timestamp NOT NULL,
	CONSTRAINT `pk_users` PRIMARY KEY(`id`)
) DEFAULT CHARACTER SET = utf8mb4 COLLATE = utf8mb4_general_ci')
 3 SYSTEMPATH\Database\BaseConnection.php(686): CodeIgniter\Database\BaseConnection->simpleQuery('CREATE TABLE `users` (
	`id` INT(11) UNSIGNED NOT NULL AUTO_INCREMENT,
	`username` varchar(50) UNSIGNED NOT NULL,
	`email` varchar(100) UNSIGNED NOT NULL,
	`password` varchar(255) NOT NULL,
	`role` enum(\'user\',\'admin\') NULL DEFAULT \'user\',
	`created_at` timestamp NOT NULL,
	CONSTRAINT `pk_users` PRIMARY KEY(`id`)
) DEFAULT CHARACTER SET = utf8mb4 COLLATE = utf8mb4_general_ci')
 4 SYSTEMPATH\Database\Forge.php(570): CodeIgniter\Database\BaseConnection->query('CREATE TABLE `users` (
	`id` INT(11) UNSIGNED NOT NULL AUTO_INCREMENT,
	`username` varchar(50) UNSIGNED NOT NULL,
	`email` varchar(100) UNSIGNED NOT NULL,
	`password` varchar(255) NOT NULL,
	`role` enum(\'user\',\'admin\') NULL DEFAULT \'user\',
	`created_at` timestamp NOT NULL,
	CONSTRAINT `pk_users` PRIMARY KEY(`id`)
) DEFAULT CHARACTER SET = utf8mb4 COLLATE = utf8mb4_general_ci')
 5 APPPATH\Database\Migrations\2026-02-23-142115_Users.php(44): CodeIgniter\Database\Forge->createTable('users')
 6 SYSTEMPATH\Database\MigrationRunner.php(1014): App\Database\Migrations\Users->up()
 7 SYSTEMPATH\Database\MigrationRunner.php(202): CodeIgniter\Database\MigrationRunner->migrate('up', Object(stdClass))
 8 SYSTEMPATH\Commands\Database\Migrate.php(89): CodeIgniter\Database\MigrationRunner->latest(null)
 9 SYSTEMPATH\CLI\SignalTrait.php(245): CodeIgniter\Commands\Database\Migrate::CodeIgniter\Commands\Database\{closure}()
10 SYSTEMPATH\Commands\Database\Migrate.php(88): CodeIgniter\Commands\Database\Migrate->withSignalsBlocked(Object(Closure))
11 SYSTEMPATH\CLI\Commands.php(74): CodeIgniter\Commands\Database\Migrate->run([])
12 SYSTEMPATH\CLI\Console.php(47): CodeIgniter\CLI\Commands->run('migrate', [])
13 SYSTEMPATH\Boot.php(442): CodeIgniter\CLI\Console->run()
14 SYSTEMPATH\Boot.php(166): CodeIgniter\Boot::runCommand(Object(CodeIgniter\CLI\Console))
15 ROOTPATH\spark(87): CodeIgniter\Boot::bootSpark(Object(Config\Paths))
ERROR - 2026-02-23 22:07:41 --> You have an error in your SQL syntax; check the manual that corresponds to your MariaDB server version for the right syntax to use near 'UNSIGNED NOT NULL,
	`email` varchar(100) UNSIGNED NOT NULL,
	`password` varch...' at line 3
in SYSTEMPATH\Database\MySQLi\Connection.php on line 300.
 1 SYSTEMPATH\Database\MySQLi\Connection.php(300): mysqli->query('CREATE TABLE `users` (
	`id` INT(11) UNSIGNED NOT NULL AUTO_INCREMENT,
	`username` varchar(50) UNSIGNED NOT NULL,
	`email` varchar(100) UNSIGNED NOT NULL,
	`password` varchar(255) NOT NULL,
	`role` enum(\'user\',\'admin\') NULL DEFAULT \'user\',
	`created_at` timestamp NOT NULL,
	CONSTRAINT `pk_users` PRIMARY KEY(`id`)
) DEFAULT CHARACTER SET = utf8mb4 COLLATE = utf8mb4_general_ci', 0)
 2 SYSTEMPATH\Database\BaseConnection.php(769): CodeIgniter\Database\MySQLi\Connection->execute('CREATE TABLE `users` (
	`id` INT(11) UNSIGNED NOT NULL AUTO_INCREMENT,
	`username` varchar(50) UNSIGNED NOT NULL,
	`email` varchar(100) UNSIGNED NOT NULL,
	`password` varchar(255) NOT NULL,
	`role` enum(\'user\',\'admin\') NULL DEFAULT \'user\',
	`created_at` timestamp NOT NULL,
	CONSTRAINT `pk_users` PRIMARY KEY(`id`)
) DEFAULT CHARACTER SET = utf8mb4 COLLATE = utf8mb4_general_ci')
 3 SYSTEMPATH\Database\BaseConnection.php(686): CodeIgniter\Database\BaseConnection->simpleQuery('CREATE TABLE `users` (
	`id` INT(11) UNSIGNED NOT NULL AUTO_INCREMENT,
	`username` varchar(50) UNSIGNED NOT NULL,
	`email` varchar(100) UNSIGNED NOT NULL,
	`password` varchar(255) NOT NULL,
	`role` enum(\'user\',\'admin\') NULL DEFAULT \'user\',
	`created_at` timestamp NOT NULL,
	CONSTRAINT `pk_users` PRIMARY KEY(`id`)
) DEFAULT CHARACTER SET = utf8mb4 COLLATE = utf8mb4_general_ci')
 4 SYSTEMPATH\Database\Forge.php(570): CodeIgniter\Database\BaseConnection->query('CREATE TABLE `users` (
	`id` INT(11) UNSIGNED NOT NULL AUTO_INCREMENT,
	`username` varchar(50) UNSIGNED NOT NULL,
	`email` varchar(100) UNSIGNED NOT NULL,
	`password` varchar(255) NOT NULL,
	`role` enum(\'user\',\'admin\') NULL DEFAULT \'user\',
	`created_at` timestamp NOT NULL,
	CONSTRAINT `pk_users` PRIMARY KEY(`id`)
) DEFAULT CHARACTER SET = utf8mb4 COLLATE = utf8mb4_general_ci')
 5 APPPATH\Database\Migrations\2026-02-23-142115_Users.php(44): CodeIgniter\Database\Forge->createTable('users')
 6 SYSTEMPATH\Database\MigrationRunner.php(1014): App\Database\Migrations\Users->up()
 7 SYSTEMPATH\Database\MigrationRunner.php(202): CodeIgniter\Database\MigrationRunner->migrate('up', Object(stdClass))
 8 SYSTEMPATH\Commands\Database\Migrate.php(89): CodeIgniter\Database\MigrationRunner->latest(null)
 9 SYSTEMPATH\CLI\SignalTrait.php(245): CodeIgniter\Commands\Database\Migrate::CodeIgniter\Commands\Database\{closure}()
10 SYSTEMPATH\Commands\Database\Migrate.php(88): CodeIgniter\Commands\Database\Migrate->withSignalsBlocked(Object(Closure))
11 SYSTEMPATH\CLI\Commands.php(74): CodeIgniter\Commands\Database\Migrate->run([...])
12 SYSTEMPATH\CLI\BaseCommand.php(119): CodeIgniter\CLI\Commands->run('migrate', [...])
13 SYSTEMPATH\Commands\Database\MigrateRefresh.php(91): CodeIgniter\CLI\BaseCommand->call('migrate', [...])
14 SYSTEMPATH\CLI\SignalTrait.php(245): CodeIgniter\Commands\Database\MigrateRefresh->CodeIgniter\Commands\Database\{closure}()
15 SYSTEMPATH\Commands\Database\MigrateRefresh.php(89): CodeIgniter\Commands\Database\MigrateRefresh->withSignalsBlocked(Object(Closure))
16 SYSTEMPATH\CLI\Commands.php(74): CodeIgniter\Commands\Database\MigrateRefresh->run([...])
17 SYSTEMPATH\CLI\Console.php(47): CodeIgniter\CLI\Commands->run('migrate:refresh', [])
18 SYSTEMPATH\Boot.php(442): CodeIgniter\CLI\Console->run()
19 SYSTEMPATH\Boot.php(166): CodeIgniter\Boot::runCommand(Object(CodeIgniter\CLI\Console))
20 ROOTPATH\spark(87): CodeIgniter\Boot::bootSpark(Object(Config\Paths))
