WARNING - 2026-03-31 13:57:55 --> [DEPRECATED] Setting lowercase HTTP method key "options" is deprecated. Use uppercase HTTP method like "OPTIONS". in SYSTEMPATH\Filters\Filters.php on line 744.
 1 SYSTEMPATH\Filters\Filters.php(744): trigger_error('Setting lowercase HTTP method key "options" is deprecated. Use uppercase HTTP method like "OPTIONS".', 16384)
 2 SYSTEMPATH\Filters\Filters.php(475): CodeIgniter\Filters\Filters->processMethods()
 3 SYSTEMPATH\Filters\Filters.php(218): CodeIgniter\Filters\Filters->initialize('api/products/6')
 4 SYSTEMPATH\CodeIgniter.php(465): CodeIgniter\Filters\Filters->run('api/products/6', 'before')
 5 SYSTEMPATH\CodeIgniter.php(340): CodeIgniter\CodeIgniter->handleRequest(null, Object(Config\Cache), false)
 6 SYSTEMPATH\Boot.php(417): CodeIgniter\CodeIgniter->run()
 7 SYSTEMPATH\Boot.php(68): CodeIgniter\Boot::runCodeIgniter(Object(CodeIgniter\CodeIgniter))
 8 FCPATH\index.php(59): CodeIgniter\Boot::bootWeb(Object(Config\Paths))
 9 SYSTEMPATH\rewrite.php(44): require_once('C:\\xampp\\htdocs\\projek\\firearms\\public\\index.php')
WARNING - 2026-03-31 13:58:02 --> [DEPRECATED] Setting lowercase HTTP method key "options" is deprecated. Use uppercase HTTP method like "OPTIONS". in SYSTEMPATH\Filters\Filters.php on line 744.
 1 SYSTEMPATH\Filters\Filters.php(744): trigger_error('Setting lowercase HTTP method key "options" is deprecated. Use uppercase HTTP method like "OPTIONS".', 16384)
 2 SYSTEMPATH\Filters\Filters.php(475): CodeIgniter\Filters\Filters->processMethods()
 3 SYSTEMPATH\Filters\Filters.php(218): CodeIgniter\Filters\Filters->initialize('api/products/7')
 4 SYSTEMPATH\CodeIgniter.php(465): CodeIgniter\Filters\Filters->run('api/products/7', 'before')
 5 SYSTEMPATH\CodeIgniter.php(340): CodeIgniter\CodeIgniter->handleRequest(null, Object(Config\Cache), false)
 6 SYSTEMPATH\Boot.php(417): CodeIgniter\CodeIgniter->run()
 7 SYSTEMPATH\Boot.php(68): CodeIgniter\Boot::runCodeIgniter(Object(CodeIgniter\CodeIgniter))
 8 FCPATH\index.php(59): CodeIgniter\Boot::bootWeb(Object(Config\Paths))
 9 SYSTEMPATH\rewrite.php(44): require_once('C:\\xampp\\htdocs\\projek\\firearms\\public\\index.php')
WARNING - 2026-03-31 14:06:32 --> [DEPRECATED] Setting lowercase HTTP method key "options" is deprecated. Use uppercase HTTP method like "OPTIONS". in SYSTEMPATH\Filters\Filters.php on line 744.
 1 SYSTEMPATH\Filters\Filters.php(744): trigger_error('Setting lowercase HTTP method key "options" is deprecated. Use uppercase HTTP method like "OPTIONS".', 16384)
 2 SYSTEMPATH\Filters\Filters.php(475): CodeIgniter\Filters\Filters->processMethods()
 3 SYSTEMPATH\Filters\Filters.php(218): CodeIgniter\Filters\Filters->initialize('api/products/7')
 4 SYSTEMPATH\CodeIgniter.php(465): CodeIgniter\Filters\Filters->run('api/products/7', 'before')
 5 SYSTEMPATH\CodeIgniter.php(340): CodeIgniter\CodeIgniter->handleRequest(null, Object(Config\Cache), false)
 6 SYSTEMPATH\Boot.php(417): CodeIgniter\CodeIgniter->run()
 7 SYSTEMPATH\Boot.php(68): CodeIgniter\Boot::runCodeIgniter(Object(CodeIgniter\CodeIgniter))
 8 FCPATH\index.php(59): CodeIgniter\Boot::bootWeb(Object(Config\Paths))
 9 SYSTEMPATH\rewrite.php(44): require_once('C:\\xampp\\htdocs\\projek\\firearms\\public\\index.php')
WARNING - 2026-03-31 14:13:42 --> [DEPRECATED] Setting lowercase HTTP method key "options" is deprecated. Use uppercase HTTP method like "OPTIONS". in SYSTEMPATH\Filters\Filters.php on line 744.
 1 SYSTEMPATH\Filters\Filters.php(744): trigger_error('Setting lowercase HTTP method key "options" is deprecated. Use uppercase HTTP method like "OPTIONS".', 16384)
 2 SYSTEMPATH\Filters\Filters.php(475): CodeIgniter\Filters\Filters->processMethods()
 3 SYSTEMPATH\Filters\Filters.php(218): CodeIgniter\Filters\Filters->initialize('api/products/5')
 4 SYSTEMPATH\CodeIgniter.php(465): CodeIgniter\Filters\Filters->run('api/products/5', 'before')
 5 SYSTEMPATH\CodeIgniter.php(340): CodeIgniter\CodeIgniter->handleRequest(null, Object(Config\Cache), false)
 6 SYSTEMPATH\Boot.php(417): CodeIgniter\CodeIgniter->run()
 7 SYSTEMPATH\Boot.php(68): CodeIgniter\Boot::runCodeIgniter(Object(CodeIgniter\CodeIgniter))
 8 FCPATH\index.php(59): CodeIgniter\Boot::bootWeb(Object(Config\Paths))
 9 SYSTEMPATH\rewrite.php(44): require_once('C:\\xampp\\htdocs\\projek\\firearms\\public\\index.php')
WARNING - 2026-03-31 14:15:03 --> [DEPRECATED] Setting lowercase HTTP method key "options" is deprecated. Use uppercase HTTP method like "OPTIONS". in SYSTEMPATH\Filters\Filters.php on line 744.
 1 SYSTEMPATH\Filters\Filters.php(744): trigger_error('Setting lowercase HTTP method key "options" is deprecated. Use uppercase HTTP method like "OPTIONS".', 16384)
 2 SYSTEMPATH\Filters\Filters.php(475): CodeIgniter\Filters\Filters->processMethods()
 3 SYSTEMPATH\Commands\Utilities\Routes\FilterFinder.php(65): CodeIgniter\Filters\Filters->initialize('api/123/abc')
 4 SYSTEMPATH\Commands\Utilities\Routes\FilterCollector.php(78): CodeIgniter\Commands\Utilities\Routes\FilterFinder->find('api/123/abc')
 5 SYSTEMPATH\Commands\Utilities\Routes.php(110): CodeIgniter\Commands\Utilities\Routes\FilterCollector->get('OPTIONS', 'api/123/abc')
 6 SYSTEMPATH\CLI\Commands.php(74): CodeIgniter\Commands\Utilities\Routes->run([])
 7 SYSTEMPATH\CLI\Console.php(47): CodeIgniter\CLI\Commands->run('routes', [])
 8 SYSTEMPATH\Boot.php(442): CodeIgniter\CLI\Console->run()
 9 SYSTEMPATH\Boot.php(166): CodeIgniter\Boot::runCommand(Object(CodeIgniter\CLI\Console))
10 ROOTPATH\spark(87): CodeIgniter\Boot::bootSpark(Object(Config\Paths))
WARNING - 2026-03-31 14:24:39 --> [DEPRECATED] Setting lowercase HTTP method key "options" is deprecated. Use uppercase HTTP method like "OPTIONS". in SYSTEMPATH\Filters\Filters.php on line 744.
 1 SYSTEMPATH\Filters\Filters.php(744): trigger_error('Setting lowercase HTTP method key "options" is deprecated. Use uppercase HTTP method like "OPTIONS".', 16384)
 2 SYSTEMPATH\Filters\Filters.php(475): CodeIgniter\Filters\Filters->processMethods()
 3 SYSTEMPATH\Filters\Filters.php(218): CodeIgniter\Filters\Filters->initialize('api/products/7')
 4 SYSTEMPATH\CodeIgniter.php(465): CodeIgniter\Filters\Filters->run('api/products/7', 'before')
 5 SYSTEMPATH\CodeIgniter.php(340): CodeIgniter\CodeIgniter->handleRequest(null, Object(Config\Cache), false)
 6 SYSTEMPATH\Boot.php(417): CodeIgniter\CodeIgniter->run()
 7 SYSTEMPATH\Boot.php(68): CodeIgniter\Boot::runCodeIgniter(Object(CodeIgniter\CodeIgniter))
 8 FCPATH\index.php(59): CodeIgniter\Boot::bootWeb(Object(Config\Paths))
 9 SYSTEMPATH\rewrite.php(44): require_once('C:\\xampp\\htdocs\\projek\\firearms\\public\\index.php')
WARNING - 2026-03-31 14:29:37 --> [DEPRECATED] Setting lowercase HTTP method key "options" is deprecated. Use uppercase HTTP method like "OPTIONS". in SYSTEMPATH\Filters\Filters.php on line 744.
 1 SYSTEMPATH\Filters\Filters.php(744): trigger_error('Setting lowercase HTTP method key "options" is deprecated. Use uppercase HTTP method like "OPTIONS".', 16384)
 2 SYSTEMPATH\Filters\Filters.php(475): CodeIgniter\Filters\Filters->processMethods()
 3 SYSTEMPATH\Filters\Filters.php(218): CodeIgniter\Filters\Filters->initialize('api/products')
 4 SYSTEMPATH\CodeIgniter.php(465): CodeIgniter\Filters\Filters->run('api/products', 'before')
 5 SYSTEMPATH\CodeIgniter.php(340): CodeIgniter\CodeIgniter->handleRequest(null, Object(Config\Cache), false)
 6 SYSTEMPATH\Boot.php(417): CodeIgniter\CodeIgniter->run()
 7 SYSTEMPATH\Boot.php(68): CodeIgniter\Boot::runCodeIgniter(Object(CodeIgniter\CodeIgniter))
 8 FCPATH\index.php(59): CodeIgniter\Boot::bootWeb(Object(Config\Paths))
 9 SYSTEMPATH\rewrite.php(44): require_once('C:\\xampp\\htdocs\\projek\\firearms\\public\\index.php')
WARNING - 2026-03-31 14:30:19 --> [DEPRECATED] Setting lowercase HTTP method key "options" is deprecated. Use uppercase HTTP method like "OPTIONS". in SYSTEMPATH\Filters\Filters.php on line 744.
 1 SYSTEMPATH\Filters\Filters.php(744): trigger_error('Setting lowercase HTTP method key "options" is deprecated. Use uppercase HTTP method like "OPTIONS".', 16384)
 2 SYSTEMPATH\Filters\Filters.php(475): CodeIgniter\Filters\Filters->processMethods()
 3 SYSTEMPATH\Filters\Filters.php(218): CodeIgniter\Filters\Filters->initialize('api/products/6')
 4 SYSTEMPATH\CodeIgniter.php(465): CodeIgniter\Filters\Filters->run('api/products/6', 'before')
 5 SYSTEMPATH\CodeIgniter.php(340): CodeIgniter\CodeIgniter->handleRequest(null, Object(Config\Cache), false)
 6 SYSTEMPATH\Boot.php(417): CodeIgniter\CodeIgniter->run()
 7 SYSTEMPATH\Boot.php(68): CodeIgniter\Boot::runCodeIgniter(Object(CodeIgniter\CodeIgniter))
 8 FCPATH\index.php(59): CodeIgniter\Boot::bootWeb(Object(Config\Paths))
 9 SYSTEMPATH\rewrite.php(44): require_once('C:\\xampp\\htdocs\\projek\\firearms\\public\\index.php')
WARNING - 2026-03-31 14:30:27 --> [DEPRECATED] Setting lowercase HTTP method key "options" is deprecated. Use uppercase HTTP method like "OPTIONS". in SYSTEMPATH\Filters\Filters.php on line 744.
 1 SYSTEMPATH\Filters\Filters.php(744): trigger_error('Setting lowercase HTTP method key "options" is deprecated. Use uppercase HTTP method like "OPTIONS".', 16384)
 2 SYSTEMPATH\Filters\Filters.php(475): CodeIgniter\Filters\Filters->processMethods()
 3 SYSTEMPATH\Filters\Filters.php(218): CodeIgniter\Filters\Filters->initialize('api/products/8')
 4 SYSTEMPATH\CodeIgniter.php(465): CodeIgniter\Filters\Filters->run('api/products/8', 'before')
 5 SYSTEMPATH\CodeIgniter.php(340): CodeIgniter\CodeIgniter->handleRequest(null, Object(Config\Cache), false)
 6 SYSTEMPATH\Boot.php(417): CodeIgniter\CodeIgniter->run()
 7 SYSTEMPATH\Boot.php(68): CodeIgniter\Boot::runCodeIgniter(Object(CodeIgniter\CodeIgniter))
 8 FCPATH\index.php(59): CodeIgniter\Boot::bootWeb(Object(Config\Paths))
 9 SYSTEMPATH\rewrite.php(44): require_once('C:\\xampp\\htdocs\\projek\\firearms\\public\\index.php')
WARNING - 2026-03-31 14:30:43 --> [DEPRECATED] Setting lowercase HTTP method key "options" is deprecated. Use uppercase HTTP method like "OPTIONS". in SYSTEMPATH\Filters\Filters.php on line 744.
 1 SYSTEMPATH\Filters\Filters.php(744): trigger_error('Setting lowercase HTTP method key "options" is deprecated. Use uppercase HTTP method like "OPTIONS".', 16384)
 2 SYSTEMPATH\Filters\Filters.php(475): CodeIgniter\Filters\Filters->processMethods()
 3 SYSTEMPATH\Filters\Filters.php(218): CodeIgniter\Filters\Filters->initialize('api/products')
 4 SYSTEMPATH\CodeIgniter.php(465): CodeIgniter\Filters\Filters->run('api/products', 'before')
 5 SYSTEMPATH\CodeIgniter.php(340): CodeIgniter\CodeIgniter->handleRequest(null, Object(Config\Cache), false)
 6 SYSTEMPATH\Boot.php(417): CodeIgniter\CodeIgniter->run()
 7 SYSTEMPATH\Boot.php(68): CodeIgniter\Boot::runCodeIgniter(Object(CodeIgniter\CodeIgniter))
 8 FCPATH\index.php(59): CodeIgniter\Boot::bootWeb(Object(Config\Paths))
 9 SYSTEMPATH\rewrite.php(44): require_once('C:\\xampp\\htdocs\\projek\\firearms\\public\\index.php')
WARNING - 2026-03-31 14:30:56 --> [DEPRECATED] Setting lowercase HTTP method key "options" is deprecated. Use uppercase HTTP method like "OPTIONS". in SYSTEMPATH\Filters\Filters.php on line 744.
 1 SYSTEMPATH\Filters\Filters.php(744): trigger_error('Setting lowercase HTTP method key "options" is deprecated. Use uppercase HTTP method like "OPTIONS".', 16384)
 2 SYSTEMPATH\Filters\Filters.php(475): CodeIgniter\Filters\Filters->processMethods()
 3 SYSTEMPATH\Filters\Filters.php(218): CodeIgniter\Filters\Filters->initialize('api/products/9')
 4 SYSTEMPATH\CodeIgniter.php(465): CodeIgniter\Filters\Filters->run('api/products/9', 'before')
 5 SYSTEMPATH\CodeIgniter.php(340): CodeIgniter\CodeIgniter->handleRequest(null, Object(Config\Cache), false)
 6 SYSTEMPATH\Boot.php(417): CodeIgniter\CodeIgniter->run()
 7 SYSTEMPATH\Boot.php(68): CodeIgniter\Boot::runCodeIgniter(Object(CodeIgniter\CodeIgniter))
 8 FCPATH\index.php(59): CodeIgniter\Boot::bootWeb(Object(Config\Paths))
 9 SYSTEMPATH\rewrite.php(44): require_once('C:\\xampp\\htdocs\\projek\\firearms\\public\\index.php')
WARNING - 2026-03-31 14:51:57 --> [DEPRECATED] Setting lowercase HTTP method key "options" is deprecated. Use uppercase HTTP method like "OPTIONS". in SYSTEMPATH\Filters\Filters.php on line 744.
 1 SYSTEMPATH\Filters\Filters.php(744): trigger_error('Setting lowercase HTTP method key "options" is deprecated. Use uppercase HTTP method like "OPTIONS".', 16384)
 2 SYSTEMPATH\Filters\Filters.php(475): CodeIgniter\Filters\Filters->processMethods()
 3 SYSTEMPATH\Filters\Filters.php(218): CodeIgniter\Filters\Filters->initialize('api/products/5')
 4 SYSTEMPATH\CodeIgniter.php(465): CodeIgniter\Filters\Filters->run('api/products/5', 'before')
 5 SYSTEMPATH\CodeIgniter.php(340): CodeIgniter\CodeIgniter->handleRequest(null, Object(Config\Cache), false)
 6 SYSTEMPATH\Boot.php(417): CodeIgniter\CodeIgniter->run()
 7 SYSTEMPATH\Boot.php(68): CodeIgniter\Boot::runCodeIgniter(Object(CodeIgniter\CodeIgniter))
 8 FCPATH\index.php(59): CodeIgniter\Boot::bootWeb(Object(Config\Paths))
 9 SYSTEMPATH\rewrite.php(44): require_once('C:\\xampp\\htdocs\\projek\\firearms\\public\\index.php')
WARNING - 2026-03-31 14:55:14 --> [DEPRECATED] Setting lowercase HTTP method key "options" is deprecated. Use uppercase HTTP method like "OPTIONS". in SYSTEMPATH\Filters\Filters.php on line 744.
 1 SYSTEMPATH\Filters\Filters.php(744): trigger_error('Setting lowercase HTTP method key "options" is deprecated. Use uppercase HTTP method like "OPTIONS".', 16384)
 2 SYSTEMPATH\Filters\Filters.php(475): CodeIgniter\Filters\Filters->processMethods()
 3 SYSTEMPATH\Filters\Filters.php(218): CodeIgniter\Filters\Filters->initialize('api/products')
 4 SYSTEMPATH\CodeIgniter.php(465): CodeIgniter\Filters\Filters->run('api/products', 'before')
 5 SYSTEMPATH\CodeIgniter.php(340): CodeIgniter\CodeIgniter->handleRequest(null, Object(Config\Cache), false)
 6 SYSTEMPATH\Boot.php(417): CodeIgniter\CodeIgniter->run()
 7 SYSTEMPATH\Boot.php(68): CodeIgniter\Boot::runCodeIgniter(Object(CodeIgniter\CodeIgniter))
 8 FCPATH\index.php(59): CodeIgniter\Boot::bootWeb(Object(Config\Paths))
 9 SYSTEMPATH\rewrite.php(44): require_once('C:\\xampp\\htdocs\\projek\\firearms\\public\\index.php')
WARNING - 2026-03-31 14:58:31 --> [DEPRECATED] Setting lowercase HTTP method key "options" is deprecated. Use uppercase HTTP method like "OPTIONS". in SYSTEMPATH\Filters\Filters.php on line 744.
 1 SYSTEMPATH\Filters\Filters.php(744): trigger_error('Setting lowercase HTTP method key "options" is deprecated. Use uppercase HTTP method like "OPTIONS".', 16384)
 2 SYSTEMPATH\Filters\Filters.php(475): CodeIgniter\Filters\Filters->processMethods()
 3 SYSTEMPATH\Filters\Filters.php(218): CodeIgniter\Filters\Filters->initialize('api/products/10')
 4 SYSTEMPATH\CodeIgniter.php(465): CodeIgniter\Filters\Filters->run('api/products/10', 'before')
 5 SYSTEMPATH\CodeIgniter.php(340): CodeIgniter\CodeIgniter->handleRequest(null, Object(Config\Cache), false)
 6 SYSTEMPATH\Boot.php(417): CodeIgniter\CodeIgniter->run()
 7 SYSTEMPATH\Boot.php(68): CodeIgniter\Boot::runCodeIgniter(Object(CodeIgniter\CodeIgniter))
 8 FCPATH\index.php(59): CodeIgniter\Boot::bootWeb(Object(Config\Paths))
 9 SYSTEMPATH\rewrite.php(44): require_once('C:\\xampp\\htdocs\\projek\\firearms\\public\\index.php')
WARNING - 2026-03-31 14:58:42 --> [DEPRECATED] Setting lowercase HTTP method key "options" is deprecated. Use uppercase HTTP method like "OPTIONS". in SYSTEMPATH\Filters\Filters.php on line 744.
 1 SYSTEMPATH\Filters\Filters.php(744): trigger_error('Setting lowercase HTTP method key "options" is deprecated. Use uppercase HTTP method like "OPTIONS".', 16384)
 2 SYSTEMPATH\Filters\Filters.php(475): CodeIgniter\Filters\Filters->processMethods()
 3 SYSTEMPATH\Filters\Filters.php(218): CodeIgniter\Filters\Filters->initialize('api/products/10')
 4 SYSTEMPATH\CodeIgniter.php(465): CodeIgniter\Filters\Filters->run('api/products/10', 'before')
 5 SYSTEMPATH\CodeIgniter.php(340): CodeIgniter\CodeIgniter->handleRequest(null, Object(Config\Cache), false)
 6 SYSTEMPATH\Boot.php(417): CodeIgniter\CodeIgniter->run()
 7 SYSTEMPATH\Boot.php(68): CodeIgniter\Boot::runCodeIgniter(Object(CodeIgniter\CodeIgniter))
 8 FCPATH\index.php(59): CodeIgniter\Boot::bootWeb(Object(Config\Paths))
 9 SYSTEMPATH\rewrite.php(44): require_once('C:\\xampp\\htdocs\\projek\\firearms\\public\\index.php')
