ERROR - 2026-02-24 20:54:59 --> Error connecting to the database: mysqli_sql_exception: No connection could be made because the target machine actively refused it in C:\xampp\htdocs\projek\firearms\system\Database\MySQLi\Connection.php:201
Stack trace:
#0 C:\xampp\htdocs\projek\firearms\system\Database\MySQLi\Connection.php(201): mysqli->real_connect('localhost', 'root', Object(SensitiveParameterValue), 'firearms', 3306, '', 0)
#1 C:\xampp\htdocs\projek\firearms\system\Database\BaseConnection.php(419): CodeIgniter\Database\MySQLi\Connection->connect(false)
#2 C:\xampp\htdocs\projek\firearms\system\Database\BaseConnection.php(654): CodeIgniter\Database\BaseConnection->initialize()
#3 C:\xampp\htdocs\projek\firearms\system\Database\BaseConnection.php(1565): CodeIgniter\Database\BaseConnection->query('SHOW TABLES FRO...')
#4 C:\xampp\htdocs\projek\firearms\system\Database\BaseConnection.php(1585): CodeIgniter\Database\BaseConnection->listTables()
#5 C:\xampp\htdocs\projek\firearms\system\Database\MigrationRunner.php(821): CodeIgniter\Database\BaseConnection->tableExists('migrations')
#6 C:\xampp\htdocs\projek\firearms\system\Database\MigrationRunner.php(173): CodeIgniter\Database\MigrationRunner->ensureTable()
#7 C:\xampp\htdocs\projek\firearms\system\Commands\Database\Migrate.php(89): CodeIgniter\Database\MigrationRunner->latest(NULL)
#8 C:\xampp\htdocs\projek\firearms\system\CLI\SignalTrait.php(245): CodeIgniter\Commands\Database\Migrate::CodeIgniter\Commands\Database\{closure}()
#9 C:\xampp\htdocs\projek\firearms\system\Commands\Database\Migrate.php(88): CodeIgniter\Commands\Database\Migrate->withSignalsBlocked(Object(Closure))
#10 C:\xampp\htdocs\projek\firearms\system\CLI\Commands.php(74): CodeIgniter\Commands\Database\Migrate->run(Array)
#11 C:\xampp\htdocs\projek\firearms\system\CLI\Console.php(47): CodeIgniter\CLI\Commands->run('migrate', Array)
#12 C:\xampp\htdocs\projek\firearms\system\Boot.php(442): CodeIgniter\CLI\Console->run()
#13 C:\xampp\htdocs\projek\firearms\system\Boot.php(166): CodeIgniter\Boot::runCommand(Object(CodeIgniter\CLI\Console))
#14 C:\xampp\htdocs\projek\firearms\spark(87): CodeIgniter\Boot::bootSpark(Object(Config\Paths))
#15 {main}

Next CodeIgniter\Database\Exceptions\DatabaseException: No connection could be made because the target machine actively refused it in C:\xampp\htdocs\projek\firearms\system\Database\MySQLi\Connection.php:231
Stack trace:
#0 C:\xampp\htdocs\projek\firearms\system\Database\BaseConnection.php(419): CodeIgniter\Database\MySQLi\Connection->connect(false)
#1 C:\xampp\htdocs\projek\firearms\system\Database\BaseConnection.php(654): CodeIgniter\Database\BaseConnection->initialize()
#2 C:\xampp\htdocs\projek\firearms\system\Database\BaseConnection.php(1565): CodeIgniter\Database\BaseConnection->query('SHOW TABLES FRO...')
#3 C:\xampp\htdocs\projek\firearms\system\Database\BaseConnection.php(1585): CodeIgniter\Database\BaseConnection->listTables()
#4 C:\xampp\htdocs\projek\firearms\system\Database\MigrationRunner.php(821): CodeIgniter\Database\BaseConnection->tableExists('migrations')
#5 C:\xampp\htdocs\projek\firearms\system\Database\MigrationRunner.php(173): CodeIgniter\Database\MigrationRunner->ensureTable()
#6 C:\xampp\htdocs\projek\firearms\system\Commands\Database\Migrate.php(89): CodeIgniter\Database\MigrationRunner->latest(NULL)
#7 C:\xampp\htdocs\projek\firearms\system\CLI\SignalTrait.php(245): CodeIgniter\Commands\Database\Migrate::CodeIgniter\Commands\Database\{closure}()
#8 C:\xampp\htdocs\projek\firearms\system\Commands\Database\Migrate.php(88): CodeIgniter\Commands\Database\Migrate->withSignalsBlocked(Object(Closure))
#9 C:\xampp\htdocs\projek\firearms\system\CLI\Commands.php(74): CodeIgniter\Commands\Database\Migrate->run(Array)
#10 C:\xampp\htdocs\projek\firearms\system\CLI\Console.php(47): CodeIgniter\CLI\Commands->run('migrate', Array)
#11 C:\xampp\htdocs\projek\firearms\system\Boot.php(442): CodeIgniter\CLI\Console->run()
#12 C:\xampp\htdocs\projek\firearms\system\Boot.php(166): CodeIgniter\Boot::runCommand(Object(CodeIgniter\CLI\Console))
#13 C:\xampp\htdocs\projek\firearms\spark(87): CodeIgniter\Boot::bootSpark(Object(Config\Paths))
#14 {main}
ERROR - 2026-02-24 20:55:11 --> You have an error in your SQL syntax; check the manual that corresponds to your MariaDB server version for the right syntax to use near '(255) NOT NULL,
	`category_id` INT(11) UNSIGNED NOT NULL,
	`team_id` INT(11) ...' at line 4
in SYSTEMPATH\Database\MySQLi\Connection.php on line 300.
 1 SYSTEMPATH\Database\MySQLi\Connection.php(300): mysqli->query('CREATE TABLE `products` (
	`id` INT(11) UNSIGNED NOT NULL AUTO_INCREMENT,
	`name` varchar(255) NOT NULL,
	`type` enum(\'subscription\',\'course\',\'firearms\')(255) NOT NULL,
	`category_id` INT(11) UNSIGNED NOT NULL,
	`team_id` INT(11) UNSIGNED NOT NULL,
	`price` decimal(10,2) NOT NULL,
	`description` text NULL DEFAULT NULL,
	`created_at` timestamp NOT NULL,
	CONSTRAINT `pk_products` PRIMARY KEY(`id`),
	CONSTRAINT `products_category_id_foreign` FOREIGN KEY (`category_id`) REFERENCES `category`(`id`) ON DELETE CASCADE ON UPDATE CASCADE,
	CONSTRAINT `products_team_id_foreign` FOREIGN KEY (`team_id`) REFERENCES `teams`(`id`) ON DELETE CASCADE ON UPDATE CASCADE
) DEFAULT CHARACTER SET = utf8mb4 COLLATE = utf8mb4_general_ci', 0)
 2 SYSTEMPATH\Database\BaseConnection.php(769): CodeIgniter\Database\MySQLi\Connection->execute('CREATE TABLE `products` (
	`id` INT(11) UNSIGNED NOT NULL AUTO_INCREMENT,
	`name` varchar(255) NOT NULL,
	`type` enum(\'subscription\',\'course\',\'firearms\')(255) NOT NULL,
	`category_id` INT(11) UNSIGNED NOT NULL,
	`team_id` INT(11) UNSIGNED NOT NULL,
	`price` decimal(10,2) NOT NULL,
	`description` text NULL DEFAULT NULL,
	`created_at` timestamp NOT NULL,
	CONSTRAINT `pk_products` PRIMARY KEY(`id`),
	CONSTRAINT `products_category_id_foreign` FOREIGN KEY (`category_id`) REFERENCES `category`(`id`) ON DELETE CASCADE ON UPDATE CASCADE,
	CONSTRAINT `products_team_id_foreign` FOREIGN KEY (`team_id`) REFERENCES `teams`(`id`) ON DELETE CASCADE ON UPDATE CASCADE
) DEFAULT CHARACTER SET = utf8mb4 COLLATE = utf8mb4_general_ci')
 3 SYSTEMPATH\Database\BaseConnection.php(686): CodeIgniter\Database\BaseConnection->simpleQuery('CREATE TABLE `products` (
	`id` INT(11) UNSIGNED NOT NULL AUTO_INCREMENT,
	`name` varchar(255) NOT NULL,
	`type` enum(\'subscription\',\'course\',\'firearms\')(255) NOT NULL,
	`category_id` INT(11) UNSIGNED NOT NULL,
	`team_id` INT(11) UNSIGNED NOT NULL,
	`price` decimal(10,2) NOT NULL,
	`description` text NULL DEFAULT NULL,
	`created_at` timestamp NOT NULL,
	CONSTRAINT `pk_products` PRIMARY KEY(`id`),
	CONSTRAINT `products_category_id_foreign` FOREIGN KEY (`category_id`) REFERENCES `category`(`id`) ON DELETE CASCADE ON UPDATE CASCADE,
	CONSTRAINT `products_team_id_foreign` FOREIGN KEY (`team_id`) REFERENCES `teams`(`id`) ON DELETE CASCADE ON UPDATE CASCADE
) DEFAULT CHARACTER SET = utf8mb4 COLLATE = utf8mb4_general_ci')
 4 SYSTEMPATH\Database\Forge.php(570): CodeIgniter\Database\BaseConnection->query('CREATE TABLE `products` (
	`id` INT(11) UNSIGNED NOT NULL AUTO_INCREMENT,
	`name` varchar(255) NOT NULL,
	`type` enum(\'subscription\',\'course\',\'firearms\')(255) NOT NULL,
	`category_id` INT(11) UNSIGNED NOT NULL,
	`team_id` INT(11) UNSIGNED NOT NULL,
	`price` decimal(10,2) NOT NULL,
	`description` text NULL DEFAULT NULL,
	`created_at` timestamp NOT NULL,
	CONSTRAINT `pk_products` PRIMARY KEY(`id`),
	CONSTRAINT `products_category_id_foreign` FOREIGN KEY (`category_id`) REFERENCES `category`(`id`) ON DELETE CASCADE ON UPDATE CASCADE,
	CONSTRAINT `products_team_id_foreign` FOREIGN KEY (`team_id`) REFERENCES `teams`(`id`) ON DELETE CASCADE ON UPDATE CASCADE
) DEFAULT CHARACTER SET = utf8mb4 COLLATE = utf8mb4_general_ci')
 5 APPPATH\Database\Migrations\2026-02-24-062028_Products.php(57): CodeIgniter\Database\Forge->createTable('products')
 6 SYSTEMPATH\Database\MigrationRunner.php(1014): App\Database\Migrations\Products->up()
 7 SYSTEMPATH\Database\MigrationRunner.php(202): CodeIgniter\Database\MigrationRunner->migrate('up', Object(stdClass))
 8 SYSTEMPATH\Commands\Database\Migrate.php(89): CodeIgniter\Database\MigrationRunner->latest(null)
 9 SYSTEMPATH\CLI\SignalTrait.php(245): CodeIgniter\Commands\Database\Migrate::CodeIgniter\Commands\Database\{closure}()
10 SYSTEMPATH\Commands\Database\Migrate.php(88): CodeIgniter\Commands\Database\Migrate->withSignalsBlocked(Object(Closure))
11 SYSTEMPATH\CLI\Commands.php(74): CodeIgniter\Commands\Database\Migrate->run([])
12 SYSTEMPATH\CLI\Console.php(47): CodeIgniter\CLI\Commands->run('migrate', [])
13 SYSTEMPATH\Boot.php(442): CodeIgniter\CLI\Console->run()
14 SYSTEMPATH\Boot.php(166): CodeIgniter\Boot::runCommand(Object(CodeIgniter\CLI\Console))
15 ROOTPATH\spark(87): CodeIgniter\Boot::bootSpark(Object(Config\Paths))
ERROR - 2026-02-24 20:58:55 --> You have an error in your SQL syntax; check the manual that corresponds to your MariaDB server version for the right syntax to use near '(255) NOT NULL,
	`category_id` INT(11) UNSIGNED NOT NULL,
	`team_id` INT(11) ...' at line 4
in SYSTEMPATH\Database\MySQLi\Connection.php on line 300.
 1 SYSTEMPATH\Database\MySQLi\Connection.php(300): mysqli->query('CREATE TABLE `products` (
	`id` INT(11) UNSIGNED NOT NULL AUTO_INCREMENT,
	`name` varchar(255) NOT NULL,
	`type` enum(\'subscription\',\'course\',\'firearms\')(255) NOT NULL,
	`category_id` INT(11) UNSIGNED NOT NULL,
	`team_id` INT(11) UNSIGNED NOT NULL,
	`price` decimal(10,2) NOT NULL,
	`description` text NULL DEFAULT NULL,
	`created_at` timestamp NOT NULL,
	CONSTRAINT `pk_products` PRIMARY KEY(`id`),
	CONSTRAINT `products_category_id_foreign` FOREIGN KEY (`category_id`) REFERENCES `category`(`id`) ON DELETE CASCADE ON UPDATE CASCADE,
	CONSTRAINT `products_team_id_foreign` FOREIGN KEY (`team_id`) REFERENCES `teams`(`id`) ON DELETE CASCADE ON UPDATE CASCADE
) DEFAULT CHARACTER SET = utf8mb4 COLLATE = utf8mb4_general_ci', 0)
 2 SYSTEMPATH\Database\BaseConnection.php(769): CodeIgniter\Database\MySQLi\Connection->execute('CREATE TABLE `products` (
	`id` INT(11) UNSIGNED NOT NULL AUTO_INCREMENT,
	`name` varchar(255) NOT NULL,
	`type` enum(\'subscription\',\'course\',\'firearms\')(255) NOT NULL,
	`category_id` INT(11) UNSIGNED NOT NULL,
	`team_id` INT(11) UNSIGNED NOT NULL,
	`price` decimal(10,2) NOT NULL,
	`description` text NULL DEFAULT NULL,
	`created_at` timestamp NOT NULL,
	CONSTRAINT `pk_products` PRIMARY KEY(`id`),
	CONSTRAINT `products_category_id_foreign` FOREIGN KEY (`category_id`) REFERENCES `category`(`id`) ON DELETE CASCADE ON UPDATE CASCADE,
	CONSTRAINT `products_team_id_foreign` FOREIGN KEY (`team_id`) REFERENCES `teams`(`id`) ON DELETE CASCADE ON UPDATE CASCADE
) DEFAULT CHARACTER SET = utf8mb4 COLLATE = utf8mb4_general_ci')
 3 SYSTEMPATH\Database\BaseConnection.php(686): CodeIgniter\Database\BaseConnection->simpleQuery('CREATE TABLE `products` (
	`id` INT(11) UNSIGNED NOT NULL AUTO_INCREMENT,
	`name` varchar(255) NOT NULL,
	`type` enum(\'subscription\',\'course\',\'firearms\')(255) NOT NULL,
	`category_id` INT(11) UNSIGNED NOT NULL,
	`team_id` INT(11) UNSIGNED NOT NULL,
	`price` decimal(10,2) NOT NULL,
	`description` text NULL DEFAULT NULL,
	`created_at` timestamp NOT NULL,
	CONSTRAINT `pk_products` PRIMARY KEY(`id`),
	CONSTRAINT `products_category_id_foreign` FOREIGN KEY (`category_id`) REFERENCES `category`(`id`) ON DELETE CASCADE ON UPDATE CASCADE,
	CONSTRAINT `products_team_id_foreign` FOREIGN KEY (`team_id`) REFERENCES `teams`(`id`) ON DELETE CASCADE ON UPDATE CASCADE
) DEFAULT CHARACTER SET = utf8mb4 COLLATE = utf8mb4_general_ci')
 4 SYSTEMPATH\Database\Forge.php(570): CodeIgniter\Database\BaseConnection->query('CREATE TABLE `products` (
	`id` INT(11) UNSIGNED NOT NULL AUTO_INCREMENT,
	`name` varchar(255) NOT NULL,
	`type` enum(\'subscription\',\'course\',\'firearms\')(255) NOT NULL,
	`category_id` INT(11) UNSIGNED NOT NULL,
	`team_id` INT(11) UNSIGNED NOT NULL,
	`price` decimal(10,2) NOT NULL,
	`description` text NULL DEFAULT NULL,
	`created_at` timestamp NOT NULL,
	CONSTRAINT `pk_products` PRIMARY KEY(`id`),
	CONSTRAINT `products_category_id_foreign` FOREIGN KEY (`category_id`) REFERENCES `category`(`id`) ON DELETE CASCADE ON UPDATE CASCADE,
	CONSTRAINT `products_team_id_foreign` FOREIGN KEY (`team_id`) REFERENCES `teams`(`id`) ON DELETE CASCADE ON UPDATE CASCADE
) DEFAULT CHARACTER SET = utf8mb4 COLLATE = utf8mb4_general_ci')
 5 APPPATH\Database\Migrations\2026-02-24-062028_Products.php(59): CodeIgniter\Database\Forge->createTable('products')
 6 SYSTEMPATH\Database\MigrationRunner.php(1014): App\Database\Migrations\Products->up()
 7 SYSTEMPATH\Database\MigrationRunner.php(202): CodeIgniter\Database\MigrationRunner->migrate('up', Object(stdClass))
 8 SYSTEMPATH\Commands\Database\Migrate.php(89): CodeIgniter\Database\MigrationRunner->latest(null)
 9 SYSTEMPATH\CLI\SignalTrait.php(245): CodeIgniter\Commands\Database\Migrate::CodeIgniter\Commands\Database\{closure}()
10 SYSTEMPATH\Commands\Database\Migrate.php(88): CodeIgniter\Commands\Database\Migrate->withSignalsBlocked(Object(Closure))
11 SYSTEMPATH\CLI\Commands.php(74): CodeIgniter\Commands\Database\Migrate->run([])
12 SYSTEMPATH\CLI\Console.php(47): CodeIgniter\CLI\Commands->run('migrate', [])
13 SYSTEMPATH\Boot.php(442): CodeIgniter\CLI\Console->run()
14 SYSTEMPATH\Boot.php(166): CodeIgniter\Boot::runCommand(Object(CodeIgniter\CLI\Console))
15 ROOTPATH\spark(87): CodeIgniter\Boot::bootSpark(Object(Config\Paths))
ERROR - 2026-02-24 21:01:10 --> You have an error in your SQL syntax; check the manual that corresponds to your MariaDB server version for the right syntax to use near '(255) NOT NULL,
	`category_id` INT(11) UNSIGNED NOT NULL,
	`team_id` INT(11) ...' at line 4
in SYSTEMPATH\Database\MySQLi\Connection.php on line 300.
 1 SYSTEMPATH\Database\MySQLi\Connection.php(300): mysqli->query('CREATE TABLE `products` (
	`id` INT(11) UNSIGNED NOT NULL AUTO_INCREMENT,
	`name` varchar(255) NOT NULL,
	`type` enum(\'subscription\',\'course\',\'firearms\')(255) NOT NULL,
	`category_id` INT(11) UNSIGNED NOT NULL,
	`team_id` INT(11) UNSIGNED NOT NULL,
	`price` decimal(10,2) NOT NULL,
	`description` text NULL DEFAULT NULL,
	`created_at` timestamp NOT NULL,
	CONSTRAINT `pk_products` PRIMARY KEY(`id`),
	CONSTRAINT `products_category_id_foreign` FOREIGN KEY (`category_id`) REFERENCES `category`(`id`) ON DELETE CASCADE ON UPDATE CASCADE,
	CONSTRAINT `products_team_id_foreign` FOREIGN KEY (`team_id`) REFERENCES `teams`(`id`) ON DELETE CASCADE ON UPDATE CASCADE
) DEFAULT CHARACTER SET = utf8mb4 COLLATE = utf8mb4_general_ci', 0)
 2 SYSTEMPATH\Database\BaseConnection.php(769): CodeIgniter\Database\MySQLi\Connection->execute('CREATE TABLE `products` (
	`id` INT(11) UNSIGNED NOT NULL AUTO_INCREMENT,
	`name` varchar(255) NOT NULL,
	`type` enum(\'subscription\',\'course\',\'firearms\')(255) NOT NULL,
	`category_id` INT(11) UNSIGNED NOT NULL,
	`team_id` INT(11) UNSIGNED NOT NULL,
	`price` decimal(10,2) NOT NULL,
	`description` text NULL DEFAULT NULL,
	`created_at` timestamp NOT NULL,
	CONSTRAINT `pk_products` PRIMARY KEY(`id`),
	CONSTRAINT `products_category_id_foreign` FOREIGN KEY (`category_id`) REFERENCES `category`(`id`) ON DELETE CASCADE ON UPDATE CASCADE,
	CONSTRAINT `products_team_id_foreign` FOREIGN KEY (`team_id`) REFERENCES `teams`(`id`) ON DELETE CASCADE ON UPDATE CASCADE
) DEFAULT CHARACTER SET = utf8mb4 COLLATE = utf8mb4_general_ci')
 3 SYSTEMPATH\Database\BaseConnection.php(686): CodeIgniter\Database\BaseConnection->simpleQuery('CREATE TABLE `products` (
	`id` INT(11) UNSIGNED NOT NULL AUTO_INCREMENT,
	`name` varchar(255) NOT NULL,
	`type` enum(\'subscription\',\'course\',\'firearms\')(255) NOT NULL,
	`category_id` INT(11) UNSIGNED NOT NULL,
	`team_id` INT(11) UNSIGNED NOT NULL,
	`price` decimal(10,2) NOT NULL,
	`description` text NULL DEFAULT NULL,
	`created_at` timestamp NOT NULL,
	CONSTRAINT `pk_products` PRIMARY KEY(`id`),
	CONSTRAINT `products_category_id_foreign` FOREIGN KEY (`category_id`) REFERENCES `category`(`id`) ON DELETE CASCADE ON UPDATE CASCADE,
	CONSTRAINT `products_team_id_foreign` FOREIGN KEY (`team_id`) REFERENCES `teams`(`id`) ON DELETE CASCADE ON UPDATE CASCADE
) DEFAULT CHARACTER SET = utf8mb4 COLLATE = utf8mb4_general_ci')
 4 SYSTEMPATH\Database\Forge.php(570): CodeIgniter\Database\BaseConnection->query('CREATE TABLE `products` (
	`id` INT(11) UNSIGNED NOT NULL AUTO_INCREMENT,
	`name` varchar(255) NOT NULL,
	`type` enum(\'subscription\',\'course\',\'firearms\')(255) NOT NULL,
	`category_id` INT(11) UNSIGNED NOT NULL,
	`team_id` INT(11) UNSIGNED NOT NULL,
	`price` decimal(10,2) NOT NULL,
	`description` text NULL DEFAULT NULL,
	`created_at` timestamp NOT NULL,
	CONSTRAINT `pk_products` PRIMARY KEY(`id`),
	CONSTRAINT `products_category_id_foreign` FOREIGN KEY (`category_id`) REFERENCES `category`(`id`) ON DELETE CASCADE ON UPDATE CASCADE,
	CONSTRAINT `products_team_id_foreign` FOREIGN KEY (`team_id`) REFERENCES `teams`(`id`) ON DELETE CASCADE ON UPDATE CASCADE
) DEFAULT CHARACTER SET = utf8mb4 COLLATE = utf8mb4_general_ci')
 5 APPPATH\Database\Migrations\2026-02-24-062028_Products.php(60): CodeIgniter\Database\Forge->createTable('products')
 6 SYSTEMPATH\Database\MigrationRunner.php(1014): App\Database\Migrations\Products->up()
 7 SYSTEMPATH\Database\MigrationRunner.php(202): CodeIgniter\Database\MigrationRunner->migrate('up', Object(stdClass))
 8 SYSTEMPATH\Commands\Database\Migrate.php(89): CodeIgniter\Database\MigrationRunner->latest(null)
 9 SYSTEMPATH\CLI\SignalTrait.php(245): CodeIgniter\Commands\Database\Migrate::CodeIgniter\Commands\Database\{closure}()
10 SYSTEMPATH\Commands\Database\Migrate.php(88): CodeIgniter\Commands\Database\Migrate->withSignalsBlocked(Object(Closure))
11 SYSTEMPATH\CLI\Commands.php(74): CodeIgniter\Commands\Database\Migrate->run([])
12 SYSTEMPATH\CLI\Console.php(47): CodeIgniter\CLI\Commands->run('migrate', [])
13 SYSTEMPATH\Boot.php(442): CodeIgniter\CLI\Console->run()
14 SYSTEMPATH\Boot.php(166): CodeIgniter\Boot::runCommand(Object(CodeIgniter\CLI\Console))
15 ROOTPATH\spark(87): CodeIgniter\Boot::bootSpark(Object(Config\Paths))
